#
# There is insufficient memory for the Java Runtime Environment to continue.
# Native memory allocation (mmap) failed to map 19922944 bytes for G1 virtual space
# Possible reasons:
#   The system is out of physical RAM or swap space
#   The process is running with CompressedOops enabled, and the Java Heap may be blocking the growth of the native heap
# Possible solutions:
#   Reduce memory load on the system
#   Increase physical memory or swap space
#   Check if swap backing store is full
#   Decrease Java heap size (-Xmx/-Xms)
#   Decrease number of Java threads
#   Decrease Java thread stack sizes (-Xss)
#   Set larger code cache with -XX:ReservedCodeCacheSize=
#   JVM is running with Unscaled Compressed Oops mode in which the Java heap is
#     placed in the first 4GB address space. The Java Heap base address is the
#     maximum limit for the native heap growth. Please use -XX:HeapBaseMinAddress
#     to set the Java Heap base and to place the Java Heap above 4GB virtual address.
# This output file may be truncated or incomplete.
#
#  Out of Memory Error (os_windows.cpp:3469), pid=10652, tid=10408
#
# JRE version: OpenJDK Runtime Environment (17.0+35) (build 17+35-2724)
# Java VM: OpenJDK 64-Bit Server VM (17+35-2724, mixed mode, emulated-client, sharing, tiered, compressed oops, compressed class ptrs, g1 gc, windows-amd64)
# No core dump will be written. Minidumps are not enabled by default on client versions of Windows
#

---------------  S U M M A R Y ------------

Command Line: -XX:TieredStopAtLevel=1 -Dspring.output.ansi.enabled=always -Dcom.sun.management.jmxremote -Dspring.jmx.enabled=true -Dspring.liveBeansView.mbeanDomain -Dspring.application.admin.enabled=true -Dmanagement.endpoints.jmx.exposure.include=* -javaagent:C:\Program Files\JetBrains\IntelliJ IDEA 2022.3.2\lib\idea_rt.jar=56805:C:\Program Files\JetBrains\IntelliJ IDEA 2022.3.2\bin -Dfile.encoding=UTF-8 com.dh.catalogservice.CatalogServiceApplication

Host: Intel(R) Core(TM) i3-1005G1 CPU @ 1.20GHz, 4 cores, 7G,  Windows 10 , 64 bit Build 22621 (10.0.22621.1344)
Time: Sat Apr  8 16:36:53 2023 Hora est. Pacífico, Sudamérica elapsed time: 21.055538 seconds (0d 0h 0m 21s)

---------------  T H R E A D  ---------------

Current thread (0x0000020982271420):  VMThread "VM Thread" [stack: 0x00000091e5d00000,0x00000091e5e00000] [id=10408]

Stack: [0x00000091e5d00000,0x00000091e5e00000]
Native frames: (J=compiled Java code, j=interpreted, Vv=VM code, C=native code)
V  [jvm.dll+0x66f8ea]
V  [jvm.dll+0x7ce224]
V  [jvm.dll+0x7cf9ce]
V  [jvm.dll+0x7d0033]
V  [jvm.dll+0x242bb5]
V  [jvm.dll+0x66c909]
V  [jvm.dll+0x6613d2]
V  [jvm.dll+0x30082b]
V  [jvm.dll+0x307db6]
V  [jvm.dll+0x357a0e]
V  [jvm.dll+0x357c3f]
V  [jvm.dll+0x2d7ae8]
V  [jvm.dll+0x2d5db4]
V  [jvm.dll+0x2d53bc]
V  [jvm.dll+0x318d1b]
V  [jvm.dll+0x7d44cb]
V  [jvm.dll+0x7d5204]
V  [jvm.dll+0x7d571c]
V  [jvm.dll+0x7d5af4]
V  [jvm.dll+0x7d5bc0]
V  [jvm.dll+0x77e7ea]
V  [jvm.dll+0x66e715]
C  [ucrtbase.dll+0x29363]
C  [KERNEL32.DLL+0x126bd]
C  [ntdll.dll+0x5a9f8]

VM_Operation (0x00000091e71f7ec0): G1CollectForAllocation, mode: safepoint, requested by thread 0x0000020983e8fdd0


---------------  P R O C E S S  ---------------

Threads class SMR info:
_java_thread_list=0x00000209870d4840, length=30, elements={
0x00000209f0d10ef0, 0x0000020982275580, 0x0000020982277f40, 0x000002098228c440,
0x000002098228d200, 0x000002098228dbb0, 0x000002098228e560, 0x000002098228ef10,
0x000002098228f900, 0x0000020982e57ad0, 0x0000020983512370, 0x0000020983512840,
0x0000020983620960, 0x0000020983e860e0, 0x0000020983e8fdd0, 0x00000209840d1410,
0x0000020983f1d1d0, 0x0000020982e5bfc0, 0x00000209841ca960, 0x0000020984704850,
0x0000020984703510, 0x00000209847039e0, 0x0000020984703eb0, 0x0000020984703040,
0x0000020984704380, 0x000002098702abb0, 0x0000020987029870, 0x000002098702ba20,
0x0000020987026850, 0x000002098702b550
}

Java Threads: ( => current thread )
  0x00000209f0d10ef0 JavaThread "main" [_thread_blocked, id=14180, stack(0x00000091e5700000,0x00000091e5800000)]
  0x0000020982275580 JavaThread "Reference Handler" daemon [_thread_blocked, id=7380, stack(0x00000091e5e00000,0x00000091e5f00000)]
  0x0000020982277f40 JavaThread "Finalizer" daemon [_thread_blocked, id=7604, stack(0x00000091e5f00000,0x00000091e6000000)]
  0x000002098228c440 JavaThread "Signal Dispatcher" daemon [_thread_blocked, id=6256, stack(0x00000091e6000000,0x00000091e6100000)]
  0x000002098228d200 JavaThread "Attach Listener" daemon [_thread_blocked, id=13012, stack(0x00000091e6100000,0x00000091e6200000)]
  0x000002098228dbb0 JavaThread "Service Thread" daemon [_thread_blocked, id=15976, stack(0x00000091e6200000,0x00000091e6300000)]
  0x000002098228e560 JavaThread "Monitor Deflation Thread" daemon [_thread_blocked, id=10884, stack(0x00000091e6300000,0x00000091e6400000)]
  0x000002098228ef10 JavaThread "C1 CompilerThread0" daemon [_thread_blocked, id=13956, stack(0x00000091e6400000,0x00000091e6500000)]
  0x000002098228f900 JavaThread "Sweeper thread" daemon [_thread_blocked, id=6736, stack(0x00000091e6500000,0x00000091e6600000)]
  0x0000020982e57ad0 JavaThread "Common-Cleaner" daemon [_thread_blocked, id=7452, stack(0x00000091e6600000,0x00000091e6700000)]
  0x0000020983512370 JavaThread "Monitor Ctrl-Break" daemon [_thread_in_native, id=17584, stack(0x00000091e6b00000,0x00000091e6c00000)]
  0x0000020983512840 JavaThread "Notification Thread" daemon [_thread_blocked, id=6444, stack(0x00000091e6c00000,0x00000091e6d00000)]
  0x0000020983620960 JavaThread "RMI TCP Accept-0" daemon [_thread_in_native, id=8064, stack(0x00000091e6d00000,0x00000091e6e00000)]
  0x0000020983e860e0 JavaThread "Thread-0" [_thread_blocked, id=6712, stack(0x00000091e7000000,0x00000091e7100000)]
  0x0000020983e8fdd0 JavaThread "restartedMain" [_thread_blocked, id=12292, stack(0x00000091e7100000,0x00000091e7200000)]
  0x00000209840d1410 JavaThread "RMI TCP Connection(1)-192.168.101.5" daemon [_thread_in_native, id=12180, stack(0x00000091e7200000,0x00000091e7300000)]
  0x0000020983f1d1d0 JavaThread "RMI Scheduler(0)" daemon [_thread_blocked, id=14072, stack(0x00000091e7300000,0x00000091e7400000)]
  0x0000020982e5bfc0 JavaThread "Keep-Alive-Timer" daemon [_thread_blocked, id=7964, stack(0x00000091e6700000,0x00000091e6800000)]
  0x00000209841ca960 JavaThread "C1 CompilerThread1" daemon [_thread_blocked, id=12108, stack(0x00000091e6800000,0x00000091e6900000)]
  0x0000020984704850 JavaThread "Thread-6" daemon [_thread_in_native, id=17908, stack(0x00000091e7700000,0x00000091e7800000)]
  0x0000020984703510 JavaThread "Thread-7" daemon [_thread_in_native, id=17984, stack(0x00000091e7800000,0x00000091e7900000)]
  0x00000209847039e0 JavaThread "BufferPoolPruner-1-thread-1" daemon [_thread_blocked, id=15616, stack(0x00000091e7500000,0x00000091e7600000)]
  0x0000020984703eb0 JavaThread "cluster-ClusterId{value='6431de71a83821791afe0852', description='null'}-localhost:27017" daemon [_thread_in_native, id=11996, stack(0x00000091e7900000,0x00000091e7a00000)]
  0x0000020984703040 JavaThread "cluster-rtt-ClusterId{value='6431de71a83821791afe0852', description='null'}-localhost:27017" daemon [_thread_blocked, id=4144, stack(0x00000091e7a00000,0x00000091e7b00000)]
  0x0000020984704380 JavaThread "MaintenanceTimer-2-thread-1" daemon [_thread_blocked, id=15844, stack(0x00000091e7b00000,0x00000091e7c00000)]
  0x000002098702abb0 JavaThread "spring.cloud.inetutils" daemon [_thread_blocked, id=14524, stack(0x00000091e7c00000,0x00000091e7d00000)]
  0x0000020987029870 JavaThread "Catalina-utility-1" [_thread_blocked, id=8920, stack(0x00000091e7d00000,0x00000091e7e00000)]
  0x000002098702ba20 JavaThread "Catalina-utility-2" [_thread_blocked, id=5660, stack(0x00000091e7e00000,0x00000091e7f00000)]
  0x0000020987026850 JavaThread "container-0" [_thread_blocked, id=4420, stack(0x00000091e7f00000,0x00000091e8000000)]
  0x000002098702b550 JavaThread "Live Reload Server" daemon [_thread_in_native, id=12096, stack(0x00000091e8100000,0x00000091e8200000)]

Other Threads:
=>0x0000020982271420 VMThread "VM Thread" [stack: 0x00000091e5d00000,0x00000091e5e00000] [id=10408]
  0x000002098361fae0 WatcherThread [stack: 0x00000091e6e00000,0x00000091e6f00000] [id=16888]
  0x00000209f0d4e6e0 GCTaskThread "GC Thread#0" [stack: 0x00000091e5800000,0x00000091e5900000] [id=7916]
  0x00000209833cf390 GCTaskThread "GC Thread#1" [stack: 0x00000091e6900000,0x00000091e6a00000] [id=12316]
  0x000002098312ece0 GCTaskThread "GC Thread#2" [stack: 0x00000091e6a00000,0x00000091e6b00000] [id=9132]
  0x00000209838feb00 GCTaskThread "GC Thread#3" [stack: 0x00000091e6f00000,0x00000091e7000000] [id=15572]
  0x00000209f0d60bb0 ConcurrentGCThread "G1 Main Marker" [stack: 0x00000091e5900000,0x00000091e5a00000] [id=18360]
  0x00000209f0d614c0 ConcurrentGCThread "G1 Conc#0" [stack: 0x00000091e5a00000,0x00000091e5b00000] [id=1380]
  0x0000020982120990 ConcurrentGCThread "G1 Refine#0" [stack: 0x00000091e5b00000,0x00000091e5c00000] [id=12668]
  0x0000020982121410 ConcurrentGCThread "G1 Service" [stack: 0x00000091e5c00000,0x00000091e5d00000] [id=5228]

Threads with active compile tasks:

VM state: at safepoint (normal execution)

VM Mutex/Monitor currently owned by a thread:  ([mutex/lock_event])
[0x00000209f0d0c150] Threads_lock - owner thread: 0x0000020982271420
[0x00000209f0d0cb70] Heap_lock - owner thread: 0x0000020983e8fdd0

Heap address: 0x0000000084c00000, size: 1972 MB, Compressed Oops mode: 32-bit

CDS archive(s) mapped at: [0x0000000800000000-0x0000000800bc0000-0x0000000800bc0000), size 12320768, SharedBaseAddress: 0x0000000800000000, ArchiveRelocationMode: 0.
Compressed class space mapped at: 0x0000000800c00000-0x0000000840c00000, reserved size: 1073741824
Narrow klass base: 0x0000000800000000, Narrow klass shift: 0, Narrow klass range: 0x100000000

GC Precious Log:
 CPUs: 4 total, 4 available
 Memory: 7881M
 Large Page Support: Disabled
 NUMA Support: Disabled
 Compressed Oops: Enabled (32-bit)
 Heap Region Size: 1M
 Heap Min Capacity: 8M
 Heap Initial Capacity: 124M
 Heap Max Capacity: 1972M
 Pre-touch: Disabled
 Parallel Workers: 4
 Concurrent Workers: 1
 Concurrent Refinement Workers: 4
 Periodic GC: Disabled

Heap:
 garbage-first heap   total 96256K, used 47094K [0x0000000084c00000, 0x0000000100000000)
  region size 1024K, 5 young (5120K), 5 survivors (5120K)
 Metaspace       used 53672K, committed 54144K, reserved 1097728K
  class space    used 7598K, committed 7808K, reserved 1048576K

Heap Regions: E=young(eden), S=young(survivor), O=old, HS=humongous(starts), HC=humongous(continues), CS=collection set, F=free, OA=open archive, CA=closed archive, TAMS=top-at-mark-start (previous, next)
|   0|0x0000000084c00000, 0x0000000084d00000, 0x0000000084d00000|100%| O|  |TAMS 0x0000000084d00000, 0x0000000084d00000| Untracked 
|   1|0x0000000084d00000, 0x0000000084e00000, 0x0000000084e00000|100%| O|  |TAMS 0x0000000084e00000, 0x0000000084e00000| Untracked 
|   2|0x0000000084e00000, 0x0000000084f00000, 0x0000000084f00000|100%| O|  |TAMS 0x0000000084f00000, 0x0000000084f00000| Untracked 
|   3|0x0000000084f00000, 0x0000000085000000, 0x0000000085000000|100%| O|  |TAMS 0x0000000085000000, 0x0000000085000000| Untracked 
|   4|0x0000000085000000, 0x0000000085100000, 0x0000000085100000|100%| O|  |TAMS 0x0000000085100000, 0x0000000085100000| Untracked 
|   5|0x0000000085100000, 0x0000000085200000, 0x0000000085200000|100%| O|  |TAMS 0x0000000085200000, 0x0000000085200000| Untracked 
|   6|0x0000000085200000, 0x0000000085300000, 0x0000000085300000|100%| O|  |TAMS 0x0000000085300000, 0x0000000085300000| Untracked 
|   7|0x0000000085300000, 0x0000000085400000, 0x0000000085400000|100%| O|  |TAMS 0x0000000085400000, 0x0000000085400000| Untracked 
|   8|0x0000000085400000, 0x0000000085500000, 0x0000000085500000|100%| O|  |TAMS 0x0000000085500000, 0x0000000085500000| Untracked 
|   9|0x0000000085500000, 0x00000000855ba400, 0x0000000085600000| 72%| O|  |TAMS 0x00000000855ba400, 0x00000000855ba400| Untracked 
|  10|0x0000000085600000, 0x0000000085700000, 0x0000000085700000|100%| O|  |TAMS 0x0000000085700000, 0x0000000085700000| Untracked 
|  11|0x0000000085700000, 0x0000000085800000, 0x0000000085800000|100%| O|  |TAMS 0x0000000085800000, 0x0000000085800000| Untracked 
|  12|0x0000000085800000, 0x0000000085900000, 0x0000000085900000|100%| O|  |TAMS 0x0000000085900000, 0x0000000085900000| Untracked 
|  13|0x0000000085900000, 0x0000000085a00000, 0x0000000085a00000|100%| O|  |TAMS 0x0000000085a00000, 0x0000000085a00000| Untracked 
|  14|0x0000000085a00000, 0x0000000085b00000, 0x0000000085b00000|100%| O|  |TAMS 0x0000000085b00000, 0x0000000085b00000| Untracked 
|  15|0x0000000085b00000, 0x0000000085c00000, 0x0000000085c00000|100%| O|  |TAMS 0x0000000085c00000, 0x0000000085c00000| Untracked 
|  16|0x0000000085c00000, 0x0000000085d00000, 0x0000000085d00000|100%| O|  |TAMS 0x0000000085d00000, 0x0000000085d00000| Untracked 
|  17|0x0000000085d00000, 0x0000000085e00000, 0x0000000085e00000|100%| O|  |TAMS 0x0000000085e00000, 0x0000000085e00000| Untracked 
|  18|0x0000000085e00000, 0x0000000085f00000, 0x0000000085f00000|100%| O|  |TAMS 0x0000000085f00000, 0x0000000085f00000| Untracked 
|  19|0x0000000085f00000, 0x0000000086000000, 0x0000000086000000|100%| O|  |TAMS 0x0000000086000000, 0x0000000086000000| Untracked 
|  20|0x0000000086000000, 0x0000000086100000, 0x0000000086100000|100%| O|  |TAMS 0x0000000086100000, 0x0000000086100000| Untracked 
|  21|0x0000000086100000, 0x0000000086200000, 0x0000000086200000|100%| O|  |TAMS 0x0000000086200000, 0x0000000086200000| Untracked 
|  22|0x0000000086200000, 0x0000000086300000, 0x0000000086300000|100%| O|  |TAMS 0x0000000086300000, 0x0000000086300000| Untracked 
|  23|0x0000000086300000, 0x0000000086400000, 0x0000000086400000|100%| O|  |TAMS 0x000000008633f400, 0x0000000086400000| Untracked 
|  24|0x0000000086400000, 0x0000000086500000, 0x0000000086500000|100%| O|  |TAMS 0x0000000086400000, 0x0000000086400000| Untracked 
|  25|0x0000000086500000, 0x0000000086600000, 0x0000000086600000|100%| O|  |TAMS 0x0000000086500000, 0x0000000086500000| Untracked 
|  26|0x0000000086600000, 0x0000000086700000, 0x0000000086700000|100%| O|  |TAMS 0x0000000086600000, 0x0000000086600000| Untracked 
|  27|0x0000000086700000, 0x0000000086800000, 0x0000000086800000|100%| O|  |TAMS 0x0000000086700000, 0x0000000086700000| Untracked 
|  28|0x0000000086800000, 0x0000000086900000, 0x0000000086900000|100%| O|  |TAMS 0x0000000086800000, 0x0000000086800000| Untracked 
|  29|0x0000000086900000, 0x0000000086a00000, 0x0000000086a00000|100%| O|  |TAMS 0x0000000086900000, 0x0000000086a00000| Untracked 
|  30|0x0000000086a00000, 0x0000000086b00000, 0x0000000086b00000|100%| O|  |TAMS 0x0000000086a00000, 0x0000000086b00000| Untracked 
|  31|0x0000000086b00000, 0x0000000086c00000, 0x0000000086c00000|100%| O|  |TAMS 0x0000000086b00000, 0x0000000086c00000| Untracked 
|  32|0x0000000086c00000, 0x0000000086d00000, 0x0000000086d00000|100%| O|  |TAMS 0x0000000086c00000, 0x0000000086d00000| Untracked 
|  33|0x0000000086d00000, 0x0000000086e00000, 0x0000000086e00000|100%| O|  |TAMS 0x0000000086d00000, 0x0000000086d00000| Untracked 
|  34|0x0000000086e00000, 0x0000000086f00000, 0x0000000086f00000|100%| O|  |TAMS 0x0000000086e00000, 0x0000000086e00000| Untracked 
|  35|0x0000000086f00000, 0x0000000087000000, 0x0000000087000000|100%| O|  |TAMS 0x0000000086f00000, 0x0000000086f00000| Untracked 
|  36|0x0000000087000000, 0x0000000087100000, 0x0000000087100000|100%| O|  |TAMS 0x0000000087000000, 0x0000000087000000| Untracked 
|  37|0x0000000087100000, 0x0000000087200000, 0x0000000087200000|100%| O|  |TAMS 0x0000000087100000, 0x0000000087183000| Untracked 
|  38|0x0000000087200000, 0x0000000087300000, 0x0000000087300000|100%| O|  |TAMS 0x0000000087200000, 0x0000000087200000| Untracked 
|  39|0x0000000087300000, 0x0000000087400000, 0x0000000087400000|100%| O|  |TAMS 0x0000000087300000, 0x0000000087300000| Untracked 
|  40|0x0000000087400000, 0x0000000087500000, 0x0000000087500000|100%| O|  |TAMS 0x0000000087400000, 0x0000000087400000| Untracked 
|  41|0x0000000087500000, 0x0000000087600000, 0x0000000087600000|100%| O|  |TAMS 0x0000000087500000, 0x0000000087500000| Untracked 
|  42|0x0000000087600000, 0x0000000087617800, 0x0000000087700000|  9%| O|  |TAMS 0x0000000087600000, 0x0000000087600000| Untracked 
|  43|0x0000000087700000, 0x0000000087700000, 0x0000000087800000|  0%| F|  |TAMS 0x0000000087700000, 0x0000000087700000| Untracked 
|  44|0x0000000087800000, 0x0000000087800000, 0x0000000087900000|  0%| F|  |TAMS 0x0000000087800000, 0x0000000087800000| Untracked 
|  45|0x0000000087900000, 0x0000000087900000, 0x0000000087a00000|  0%| F|  |TAMS 0x0000000087900000, 0x0000000087900000| Untracked 
|  46|0x0000000087a00000, 0x0000000087a00000, 0x0000000087b00000|  0%| F|  |TAMS 0x0000000087a00000, 0x0000000087a00000| Untracked 
|  47|0x0000000087b00000, 0x0000000087b00000, 0x0000000087c00000|  0%| F|  |TAMS 0x0000000087b00000, 0x0000000087b00000| Untracked 
|  48|0x0000000087c00000, 0x0000000087c00000, 0x0000000087d00000|  0%| F|  |TAMS 0x0000000087c00000, 0x0000000087c00000| Untracked 
|  49|0x0000000087d00000, 0x0000000087d00000, 0x0000000087e00000|  0%| F|  |TAMS 0x0000000087d00000, 0x0000000087d00000| Untracked 
|  50|0x0000000087e00000, 0x0000000087e00000, 0x0000000087f00000|  0%| F|  |TAMS 0x0000000087e00000, 0x0000000087e00000| Untracked 
|  51|0x0000000087f00000, 0x0000000087f00000, 0x0000000088000000|  0%| F|  |TAMS 0x0000000087f00000, 0x0000000087f00000| Untracked 
|  52|0x0000000088000000, 0x000000008802be30, 0x0000000088100000| 17%| S|CS|TAMS 0x0000000088000000, 0x0000000088000000| Complete 
|  53|0x0000000088100000, 0x0000000088100000, 0x0000000088200000|  0%| F|  |TAMS 0x0000000088100000, 0x0000000088100000| Untracked 
|  54|0x0000000088200000, 0x0000000088200000, 0x0000000088300000|  0%| F|  |TAMS 0x0000000088200000, 0x0000000088200000| Untracked 
|  55|0x0000000088300000, 0x0000000088400000, 0x0000000088400000|100%| S|CS|TAMS 0x0000000088300000, 0x0000000088300000| Complete 
|  56|0x0000000088400000, 0x0000000088500000, 0x0000000088500000|100%| S|CS|TAMS 0x0000000088400000, 0x0000000088400000| Complete 
|  57|0x0000000088500000, 0x0000000088600000, 0x0000000088600000|100%| S|CS|TAMS 0x0000000088500000, 0x0000000088500000| Complete 
|  58|0x0000000088600000, 0x0000000088600000, 0x0000000088700000|  0%| F|  |TAMS 0x0000000088600000, 0x0000000088600000| Untracked 
|  59|0x0000000088700000, 0x0000000088800000, 0x0000000088800000|100%| S|CS|TAMS 0x0000000088700000, 0x0000000088700000| Complete 
|  60|0x0000000088800000, 0x0000000088800000, 0x0000000088900000|  0%| F|  |TAMS 0x0000000088800000, 0x0000000088800000| Untracked 
|  61|0x0000000088900000, 0x0000000088900000, 0x0000000088a00000|  0%| F|  |TAMS 0x0000000088900000, 0x0000000088900000| Untracked 
|  62|0x0000000088a00000, 0x0000000088a00000, 0x0000000088b00000|  0%| F|  |TAMS 0x0000000088a00000, 0x0000000088a00000| Untracked 
|  63|0x0000000088b00000, 0x0000000088b00000, 0x0000000088c00000|  0%| F|  |TAMS 0x0000000088b00000, 0x0000000088b00000| Untracked 
|  64|0x0000000088c00000, 0x0000000088c00000, 0x0000000088d00000|  0%| F|  |TAMS 0x0000000088c00000, 0x0000000088c00000| Untracked 
|  65|0x0000000088d00000, 0x0000000088d00000, 0x0000000088e00000|  0%| F|  |TAMS 0x0000000088d00000, 0x0000000088d00000| Untracked 
|  66|0x0000000088e00000, 0x0000000088e00000, 0x0000000088f00000|  0%| F|  |TAMS 0x0000000088e00000, 0x0000000088e00000| Untracked 
|  67|0x0000000088f00000, 0x0000000088f00000, 0x0000000089000000|  0%| F|  |TAMS 0x0000000088f00000, 0x0000000088f00000| Untracked 
|  68|0x0000000089000000, 0x0000000089000000, 0x0000000089100000|  0%| F|  |TAMS 0x0000000089000000, 0x0000000089000000| Untracked 
|  69|0x0000000089100000, 0x0000000089100000, 0x0000000089200000|  0%| F|  |TAMS 0x0000000089100000, 0x0000000089100000| Untracked 
|  70|0x0000000089200000, 0x0000000089200000, 0x0000000089300000|  0%| F|  |TAMS 0x0000000089200000, 0x0000000089200000| Untracked 
|  71|0x0000000089300000, 0x0000000089300000, 0x0000000089400000|  0%| F|  |TAMS 0x0000000089300000, 0x0000000089300000| Untracked 
|  72|0x0000000089400000, 0x0000000089400000, 0x0000000089500000|  0%| F|  |TAMS 0x0000000089400000, 0x0000000089400000| Untracked 
|  73|0x0000000089500000, 0x0000000089500000, 0x0000000089600000|  0%| F|  |TAMS 0x0000000089500000, 0x0000000089500000| Untracked 
|  74|0x0000000089600000, 0x0000000089600000, 0x0000000089700000|  0%| F|  |TAMS 0x0000000089600000, 0x0000000089600000| Untracked 
|  75|0x0000000089700000, 0x0000000089700000, 0x0000000089800000|  0%| F|  |TAMS 0x0000000089700000, 0x0000000089700000| Untracked 
|  76|0x0000000089800000, 0x0000000089800000, 0x0000000089900000|  0%| F|  |TAMS 0x0000000089800000, 0x0000000089800000| Untracked 
|  77|0x0000000089900000, 0x0000000089900000, 0x0000000089a00000|  0%| F|  |TAMS 0x0000000089900000, 0x0000000089900000| Untracked 
|  78|0x0000000089a00000, 0x0000000089a00000, 0x0000000089b00000|  0%| F|  |TAMS 0x0000000089a00000, 0x0000000089a00000| Untracked 
|  79|0x0000000089b00000, 0x0000000089b00000, 0x0000000089c00000|  0%| F|  |TAMS 0x0000000089b00000, 0x0000000089b00000| Untracked 
|  80|0x0000000089c00000, 0x0000000089c00000, 0x0000000089d00000|  0%| F|  |TAMS 0x0000000089c00000, 0x0000000089c00000| Untracked 
|  81|0x0000000089d00000, 0x0000000089d00000, 0x0000000089e00000|  0%| F|  |TAMS 0x0000000089d00000, 0x0000000089d00000| Untracked 
|  82|0x0000000089e00000, 0x0000000089e00000, 0x0000000089f00000|  0%| F|  |TAMS 0x0000000089e00000, 0x0000000089e00000| Untracked 
|  83|0x0000000089f00000, 0x0000000089f00000, 0x000000008a000000|  0%| F|  |TAMS 0x0000000089f00000, 0x0000000089f00000| Untracked 
|  84|0x000000008a000000, 0x000000008a000000, 0x000000008a100000|  0%| F|  |TAMS 0x000000008a000000, 0x000000008a000000| Untracked 
|  85|0x000000008a100000, 0x000000008a100000, 0x000000008a200000|  0%| F|  |TAMS 0x000000008a100000, 0x000000008a100000| Untracked 
|  86|0x000000008a200000, 0x000000008a200000, 0x000000008a300000|  0%| F|  |TAMS 0x000000008a200000, 0x000000008a200000| Untracked 
|  87|0x000000008a300000, 0x000000008a300000, 0x000000008a400000|  0%| F|  |TAMS 0x000000008a300000, 0x000000008a300000| Untracked 
|  88|0x000000008a400000, 0x000000008a400000, 0x000000008a500000|  0%| F|  |TAMS 0x000000008a400000, 0x000000008a400000| Untracked 
|  89|0x000000008a500000, 0x000000008a500000, 0x000000008a600000|  0%| F|  |TAMS 0x000000008a500000, 0x000000008a500000| Untracked 
|  90|0x000000008a600000, 0x000000008a600000, 0x000000008a700000|  0%| F|  |TAMS 0x000000008a600000, 0x000000008a600000| Untracked 
|  91|0x000000008a700000, 0x000000008a700000, 0x000000008a800000|  0%| F|  |TAMS 0x000000008a700000, 0x000000008a700000| Untracked 
| 122|0x000000008c600000, 0x000000008c600000, 0x000000008c700000|  0%| F|  |TAMS 0x000000008c600000, 0x000000008c600000| Untracked 
| 123|0x000000008c700000, 0x000000008c700000, 0x000000008c800000|  0%| F|  |TAMS 0x000000008c700000, 0x000000008c700000| Untracked 

Card table byte_map: [0x00000209fb8c0000,0x00000209fbca0000] _byte_map_base: 0x00000209fb49a000

Marking Bits (Prev, Next): (CMBitMap*) 0x00000209f0d50c40, (CMBitMap*) 0x00000209f0d50c00
 Prev Bits: [0x00000209fdf50000, 0x00000209ffe20000)
 Next Bits: [0x00000209fc080000, 0x00000209fdf50000)

Polling page: 0x00000209eeb20000

Metaspace:

Usage:
  Non-class:     44.99 MB used.
      Class:      7.42 MB used.
       Both:     52.41 MB used.

Virtual space:
  Non-class space:       48.00 MB reserved,      45.25 MB ( 94%) committed,  6 nodes.
      Class space:        1.00 GB reserved,       7.62 MB ( <1%) committed,  1 nodes.
             Both:        1.05 GB reserved,      52.88 MB (  5%) committed. 

Chunk freelists:
   Non-Class:  2.44 MB
       Class:  201.00 KB
        Both:  2.63 MB

MaxMetaspaceSize: unlimited
CompressedClassSpaceSize: 1.00 GB
Initial GC threshold: 21.00 MB
Current GC threshold: 62.31 MB
CDS: on
MetaspaceReclaimPolicy: balanced
 - commit_granule_bytes: 65536.
 - commit_granule_words: 8192.
 - virtual_space_node_default_size: 1048576.
 - enlarge_chunks_in_place: 1.
 - new_chunks_are_fully_committed: 0.
 - uncommit_free_chunks: 1.
 - use_allocation_guard: 0.
 - handle_deallocations: 1.


Internal statistics:

num_allocs_failed_limit: 9.
num_arena_births: 652.
num_arena_deaths: 0.
num_vsnodes_births: 7.
num_vsnodes_deaths: 0.
num_space_committed: 846.
num_space_uncommitted: 0.
num_chunks_returned_to_freelist: 9.
num_chunks_taken_from_freelist: 2670.
num_chunk_merges: 9.
num_chunk_splits: 1767.
num_chunks_enlarged: 1285.
num_purges: 0.
num_inconsistent_stats: 0.

CodeCache: size=49152Kb used=12565Kb max_used=12565Kb free=36587Kb
 bounds [0x00000209f84e0000, 0x00000209f9130000, 0x00000209fb4e0000]
 total_blobs=7079 nmethods=6489 adapters=516
 compilation: enabled
              stopped_count=0, restarted_count=0
 full_count=0

Compilation events (20 events):
Event: 20.972 Thread 0x00000209841ca960 6479       1       org.springframework.util.ConcurrentReferenceHashMap::access$200 (5 bytes)
Event: 20.973 Thread 0x00000209841ca960 nmethod 6479 0x00000209f9119f90 code [0x00000209f911a120, 0x00000209f911a1d8]
Event: 20.977 Thread 0x00000209841ca960 6480       1       org.springframework.core.annotation.AnnotationTypeMapping::resolveAliasTarget (394 bytes)
Event: 20.977 Thread 0x000002098228ef10 6481       1       org.springframework.core.annotation.AttributeMethods::get (22 bytes)
Event: 20.977 Thread 0x000002098228ef10 nmethod 6481 0x00000209f911a290 code [0x00000209f911a440, 0x00000209f911a588]
Event: 20.977 Thread 0x000002098228ef10 6482       1       org.springframework.core.annotation.AnnotationTypeMapping::isCompatibleReturnType (19 bytes)
Event: 20.978 Thread 0x000002098228ef10 nmethod 6482 0x00000209f911a690 code [0x00000209f911a820, 0x00000209f911a968]
Event: 20.978 Thread 0x000002098228ef10 6483       1       org.springframework.core.annotation.AnnotationTypeMapping::isAliasPair (17 bytes)
Event: 20.978 Thread 0x000002098228ef10 nmethod 6483 0x00000209f911aa10 code [0x00000209f911aba0, 0x00000209f911ac78]
Event: 20.979 Thread 0x000002098228ef10 6484       1       java.lang.PublicMethods$Key::equals (50 bytes)
Event: 20.980 Thread 0x000002098228ef10 nmethod 6484 0x00000209f911ad10 code [0x00000209f911aec0, 0x00000209f911b0a8]
Event: 20.981 Thread 0x00000209841ca960 nmethod 6480 0x00000209f911b190 code [0x00000209f911b900, 0x00000209f911f438]
Event: 20.984 Thread 0x00000209841ca960 6485       1       sun.nio.cs.UTF_8$Decoder::decodeArrayLoop (688 bytes)
Event: 20.986 Thread 0x00000209841ca960 nmethod 6485 0x00000209f9121110 code [0x00000209f9121740, 0x00000209f9123238]
Event: 21.008 Thread 0x000002098228ef10 6486  s    1       java.io.FileDescriptor::close (9 bytes)
Event: 21.008 Thread 0x00000209841ca960 6487  s    1       java.io.FileDescriptor::unregisterCleanup (20 bytes)
Event: 21.008 Thread 0x000002098228ef10 nmethod 6486 0x00000209f9124710 code [0x00000209f91248c0, 0x00000209f9124b78]
Event: 21.008 Thread 0x000002098228ef10 6488       1       jdk.internal.ref.PhantomCleanable::clear (12 bytes)
Event: 21.009 Thread 0x000002098228ef10 nmethod 6488 0x00000209f9124c90 code [0x00000209f9124e40, 0x00000209f9124f58]
Event: 21.009 Thread 0x00000209841ca960 nmethod 6487 0x00000209f9125010 code [0x00000209f91251c0, 0x00000209f9125388]

GC Heap History (20 events):
Event: 12.163 GC heap after
{Heap after GC invocations=24 (full 0):
 garbage-first heap   total 79872K, used 32372K [0x0000000084c00000, 0x0000000100000000)
  region size 1024K, 3 young (3072K), 3 survivors (3072K)
 Metaspace       used 40449K, committed 40896K, reserved 1089536K
  class space    used 5635K, committed 5824K, reserved 1048576K
}
Event: 12.631 GC heap before
{Heap before GC invocations=24 (full 0):
 garbage-first heap   total 79872K, used 65140K [0x0000000084c00000, 0x0000000100000000)
  region size 1024K, 35 young (35840K), 3 survivors (3072K)
 Metaspace       used 40960K, committed 41344K, reserved 1089536K
  class space    used 5723K, committed 5888K, reserved 1048576K
}
Event: 12.636 GC heap after
{Heap after GC invocations=25 (full 0):
 garbage-first heap   total 79872K, used 33502K [0x0000000084c00000, 0x0000000100000000)
  region size 1024K, 4 young (4096K), 4 survivors (4096K)
 Metaspace       used 40960K, committed 41344K, reserved 1089536K
  class space    used 5723K, committed 5888K, reserved 1048576K
}
Event: 13.164 GC heap before
{Heap before GC invocations=25 (full 0):
 garbage-first heap   total 79872K, used 66270K [0x0000000084c00000, 0x0000000100000000)
  region size 1024K, 36 young (36864K), 4 survivors (4096K)
 Metaspace       used 43906K, committed 44352K, reserved 1089536K
  class space    used 6117K, committed 6336K, reserved 1048576K
}
Event: 13.171 GC heap after
{Heap after GC invocations=26 (full 0):
 garbage-first heap   total 79872K, used 35691K [0x0000000084c00000, 0x0000000100000000)
  region size 1024K, 5 young (5120K), 5 survivors (5120K)
 Metaspace       used 43906K, committed 44352K, reserved 1089536K
  class space    used 6117K, committed 6336K, reserved 1048576K
}
Event: 14.609 GC heap before
{Heap before GC invocations=26 (full 0):
 garbage-first heap   total 79872K, used 65387K [0x0000000084c00000, 0x0000000100000000)
  region size 1024K, 34 young (34816K), 5 survivors (5120K)
 Metaspace       used 45197K, committed 45696K, reserved 1089536K
  class space    used 6303K, committed 6528K, reserved 1048576K
}
Event: 14.616 GC heap after
{Heap after GC invocations=27 (full 0):
 garbage-first heap   total 96256K, used 37035K [0x0000000084c00000, 0x0000000100000000)
  region size 1024K, 4 young (4096K), 4 survivors (4096K)
 Metaspace       used 45197K, committed 45696K, reserved 1089536K
  class space    used 6303K, committed 6528K, reserved 1048576K
}
Event: 17.427 GC heap before
{Heap before GC invocations=27 (full 0):
 garbage-first heap   total 96256K, used 79019K [0x0000000084c00000, 0x0000000100000000)
  region size 1024K, 45 young (46080K), 4 survivors (4096K)
 Metaspace       used 48877K, committed 49280K, reserved 1097728K
  class space    used 6899K, committed 7104K, reserved 1048576K
}
Event: 17.433 GC heap after
{Heap after GC invocations=28 (full 0):
 garbage-first heap   total 96256K, used 39087K [0x0000000084c00000, 0x0000000100000000)
  region size 1024K, 4 young (4096K), 4 survivors (4096K)
 Metaspace       used 48877K, committed 49280K, reserved 1097728K
  class space    used 6899K, committed 7104K, reserved 1048576K
}
Event: 18.199 GC heap before
{Heap before GC invocations=28 (full 0):
 garbage-first heap   total 96256K, used 79023K [0x0000000084c00000, 0x0000000100000000)
  region size 1024K, 43 young (44032K), 4 survivors (4096K)
 Metaspace       used 49917K, committed 50368K, reserved 1097728K
  class space    used 7040K, committed 7296K, reserved 1048576K
}
Event: 18.206 GC heap after
{Heap after GC invocations=29 (full 0):
 garbage-first heap   total 96256K, used 40494K [0x0000000084c00000, 0x0000000100000000)
  region size 1024K, 4 young (4096K), 4 survivors (4096K)
 Metaspace       used 49917K, committed 50368K, reserved 1097728K
  class space    used 7040K, committed 7296K, reserved 1048576K
}
Event: 18.679 GC heap before
{Heap before GC invocations=29 (full 0):
 garbage-first heap   total 96256K, used 78382K [0x0000000084c00000, 0x0000000100000000)
  region size 1024K, 41 young (41984K), 4 survivors (4096K)
 Metaspace       used 50912K, committed 51392K, reserved 1097728K
  class space    used 7156K, committed 7360K, reserved 1048576K
}
Event: 18.686 GC heap after
{Heap after GC invocations=30 (full 0):
 garbage-first heap   total 96256K, used 41955K [0x0000000084c00000, 0x0000000100000000)
  region size 1024K, 3 young (3072K), 3 survivors (3072K)
 Metaspace       used 50912K, committed 51392K, reserved 1097728K
  class space    used 7156K, committed 7360K, reserved 1048576K
}
Event: 19.174 GC heap before
{Heap before GC invocations=30 (full 0):
 garbage-first heap   total 96256K, used 79843K [0x0000000084c00000, 0x0000000100000000)
  region size 1024K, 40 young (40960K), 3 survivors (3072K)
 Metaspace       used 51466K, committed 51968K, reserved 1097728K
  class space    used 7246K, committed 7488K, reserved 1048576K
}
Event: 19.180 GC heap after
{Heap after GC invocations=31 (full 0):
 garbage-first heap   total 96256K, used 43237K [0x0000000084c00000, 0x0000000100000000)
  region size 1024K, 3 young (3072K), 3 survivors (3072K)
 Metaspace       used 51466K, committed 51968K, reserved 1097728K
  class space    used 7246K, committed 7488K, reserved 1048576K
}
Event: 19.694 GC heap before
{Heap before GC invocations=31 (full 0):
 garbage-first heap   total 96256K, used 80101K [0x0000000084c00000, 0x0000000100000000)
  region size 1024K, 39 young (39936K), 3 survivors (3072K)
 Metaspace       used 52026K, committed 52480K, reserved 1097728K
  class space    used 7340K, committed 7552K, reserved 1048576K
}
Event: 19.703 GC heap after
{Heap after GC invocations=32 (full 0):
 garbage-first heap   total 96256K, used 44527K [0x0000000084c00000, 0x0000000100000000)
  region size 1024K, 4 young (4096K), 4 survivors (4096K)
 Metaspace       used 52026K, committed 52480K, reserved 1097728K
  class space    used 7340K, committed 7552K, reserved 1048576K
}
Event: 20.291 GC heap before
{Heap before GC invocations=32 (full 0):
 garbage-first heap   total 96256K, used 80367K [0x0000000084c00000, 0x0000000100000000)
  region size 1024K, 39 young (39936K), 4 survivors (4096K)
 Metaspace       used 52920K, committed 53376K, reserved 1097728K
  class space    used 7480K, committed 7680K, reserved 1048576K
}
Event: 20.298 GC heap after
{Heap after GC invocations=33 (full 0):
 garbage-first heap   total 96256K, used 45512K [0x0000000084c00000, 0x0000000100000000)
  region size 1024K, 4 young (4096K), 4 survivors (4096K)
 Metaspace       used 52920K, committed 53376K, reserved 1097728K
  class space    used 7480K, committed 7680K, reserved 1048576K
}
Event: 21.043 GC heap before
{Heap before GC invocations=33 (full 0):
 garbage-first heap   total 96256K, used 80328K [0x0000000084c00000, 0x0000000100000000)
  region size 1024K, 38 young (38912K), 4 survivors (4096K)
 Metaspace       used 53672K, committed 54144K, reserved 1097728K
  class space    used 7598K, committed 7808K, reserved 1048576K
}

Deoptimization events (20 events):
Event: 7.602 Thread 0x0000020983e8fdd0 DEOPT PACKING pc=0x00000209f89e3fa4 sp=0x00000091e71fcfd0
Event: 7.602 Thread 0x0000020983e8fdd0 DEOPT UNPACKING pc=0x00000209f8536763 sp=0x00000091e71fc528 mode 0
Event: 8.562 Thread 0x0000020983e8fdd0 DEOPT PACKING pc=0x00000209f8d47475 sp=0x00000091e71fc5d0
Event: 8.562 Thread 0x0000020983e8fdd0 DEOPT UNPACKING pc=0x00000209f8536763 sp=0x00000091e71fba40 mode 3
Event: 8.618 Thread 0x0000020983e8fdd0 DEOPT PACKING pc=0x00000209f8d70319 sp=0x00000091e71fd680
Event: 8.618 Thread 0x0000020983e8fdd0 DEOPT UNPACKING pc=0x00000209f8536763 sp=0x00000091e71fcb60 mode 3
Event: 9.456 Thread 0x0000020983e8fdd0 DEOPT PACKING pc=0x00000209f8dd5142 sp=0x00000091e71fd3d0
Event: 9.456 Thread 0x0000020983e8fdd0 DEOPT UNPACKING pc=0x00000209f8536763 sp=0x00000091e71fc968 mode 0
Event: 10.663 Thread 0x0000020983e8fdd0 DEOPT PACKING pc=0x00000209f8ee83bc sp=0x00000091e71fd4d0
Event: 10.663 Thread 0x0000020983e8fdd0 DEOPT UNPACKING pc=0x00000209f8536763 sp=0x00000091e71fc950 mode 3
Event: 10.688 Thread 0x0000020983e8fdd0 DEOPT PACKING pc=0x00000209f8eee7e3 sp=0x00000091e71fd270
Event: 10.688 Thread 0x0000020983e8fdd0 DEOPT UNPACKING pc=0x00000209f8536763 sp=0x00000091e71fc700 mode 3
Event: 11.735 Thread 0x0000020983e8fdd0 DEOPT PACKING pc=0x00000209f8ebfc9d sp=0x00000091e71fbda0
Event: 11.735 Thread 0x0000020983e8fdd0 DEOPT UNPACKING pc=0x00000209f8536763 sp=0x00000091e71fb308 mode 3
Event: 13.137 Thread 0x0000020983e8fdd0 DEOPT PACKING pc=0x00000209f8a5032a sp=0x00000091e71f4be0
Event: 13.137 Thread 0x0000020983e8fdd0 DEOPT UNPACKING pc=0x00000209f8536763 sp=0x00000091e71f40e8 mode 3
Event: 13.138 Thread 0x0000020983e8fdd0 DEOPT PACKING pc=0x00000209f8a2b525 sp=0x00000091e71f4ba0
Event: 13.138 Thread 0x0000020983e8fdd0 DEOPT UNPACKING pc=0x00000209f8536763 sp=0x00000091e71f40e8 mode 3
Event: 20.266 Thread 0x0000020983e8fdd0 DEOPT PACKING pc=0x00000209f9091d44 sp=0x00000091e71fad60
Event: 20.266 Thread 0x0000020983e8fdd0 DEOPT UNPACKING pc=0x00000209f8536763 sp=0x00000091e71fa1f8 mode 3

Classes unloaded (0 events):
No events

Classes redefined (0 events):
No events

Internal exceptions (20 events):
Event: 20.378 Thread 0x0000020983e8fdd0 Exception <a 'java/lang/ClassNotFoundException'{0x000000008a774650}: org/springframework/beans/factory/InitializingBeanCustomizer> (0x000000008a774650) 
thrown [t:\workspace\open\src\hotspot\share\classfile\systemDictionary.cpp, line 256]
Event: 20.379 Thread 0x0000020983e8fdd0 Exception <a 'java/lang/ClassNotFoundException'{0x000000008a77c438}: org/springframework/data/repository/core/support/RepositoryFactoryInformationCustomizer> (0x000000008a77c438) 
thrown [t:\workspace\open\src\hotspot\share\classfile\systemDictionary.cpp, line 256]
Event: 20.380 Thread 0x0000020983e8fdd0 Exception <a 'java/lang/ClassNotFoundException'{0x000000008a789b40}: org/springframework/beans/factory/FactoryBeanCustomizer> (0x000000008a789b40) 
thrown [t:\workspace\open\src\hotspot\share\classfile\systemDictionary.cpp, line 256]
Event: 20.381 Thread 0x0000020983e8fdd0 Exception <a 'java/lang/ClassNotFoundException'{0x000000008a792f20}: org/springframework/beans/factory/BeanClassLoaderAwareCustomizer> (0x000000008a792f20) 
thrown [t:\workspace\open\src\hotspot\share\classfile\systemDictionary.cpp, line 256]
Event: 20.381 Thread 0x0000020983e8fdd0 Exception <a 'java/lang/ClassNotFoundException'{0x000000008a79a348}: org/springframework/beans/factory/AwareCustomizer> (0x000000008a79a348) 
thrown [t:\workspace\open\src\hotspot\share\classfile\systemDictionary.cpp, line 256]
Event: 20.382 Thread 0x0000020983e8fdd0 Exception <a 'java/lang/ClassNotFoundException'{0x000000008a7a0bb8}: org/springframework/beans/factory/BeanFactoryAwareCustomizer> (0x000000008a7a0bb8) 
thrown [t:\workspace\open\src\hotspot\share\classfile\systemDictionary.cpp, line 256]
Event: 20.383 Thread 0x0000020983e8fdd0 Exception <a 'java/lang/ClassNotFoundException'{0x000000008a7a8680}: org/springframework/beans/factory/AwareCustomizer> (0x000000008a7a8680) 
thrown [t:\workspace\open\src\hotspot\share\classfile\systemDictionary.cpp, line 256]
Event: 20.383 Thread 0x0000020983e8fdd0 Exception <a 'java/lang/ClassNotFoundException'{0x000000008a7af178}: org/springframework/context/ApplicationEventPublisherAwareCustomizer> (0x000000008a7af178) 
thrown [t:\workspace\open\src\hotspot\share\classfile\systemDictionary.cpp, line 256]
Event: 20.384 Thread 0x0000020983e8fdd0 Exception <a 'java/lang/ClassNotFoundException'{0x000000008a7b6d18}: org/springframework/beans/factory/AwareCustomizer> (0x000000008a7b6d18) 
thrown [t:\workspace\open\src\hotspot\share\classfile\systemDictionary.cpp, line 256]
Event: 20.386 Thread 0x0000020983e8fdd0 Exception <a 'java/lang/ClassNotFoundException'{0x000000008a7c8ea8}: java/lang/ObjectCustomizer> (0x000000008a7c8ea8) 
thrown [t:\workspace\open\src\hotspot\share\classfile\systemDictionary.cpp, line 256]
Event: 20.387 Thread 0x0000020983e8fdd0 Exception <a 'java/lang/ClassNotFoundException'{0x000000008a7d2dd0}: org/springframework/core/io/support/PropertiesLoaderSupportCustomizer> (0x000000008a7d2dd0) 
thrown [t:\workspace\open\src\hotspot\share\classfile\systemDictionary.cpp, line 256]
Event: 20.388 Thread 0x0000020983e8fdd0 Exception <a 'java/lang/ClassNotFoundException'{0x000000008a7e2850}: org/springframework/beans/factory/config/PropertiesFactoryBeanCustomizer> (0x000000008a7e2850) 
thrown [t:\workspace\open\src\hotspot\share\classfile\systemDictionary.cpp, line 256]
Event: 20.389 Thread 0x0000020983e8fdd0 Exception <a 'java/lang/ClassNotFoundException'{0x000000008a7f9820}: org/springframework/beans/factory/FactoryBeanCustomizer> (0x000000008a7f9820) 
thrown [t:\workspace\open\src\hotspot\share\classfile\systemDictionary.cpp, line 256]
Event: 20.390 Thread 0x0000020983e8fdd0 Exception <a 'java/lang/ClassNotFoundException'{0x000000008a602b18}: org/springframework/beans/factory/InitializingBeanCustomizer> (0x000000008a602b18) 
thrown [t:\workspace\open\src\hotspot\share\classfile\systemDictionary.cpp, line 256]
Event: 20.594 Thread 0x0000020983e8fdd0 Exception <a 'java/lang/IncompatibleClassChangeError'{0x000000008985db28}: Found class java.lang.Object, but interface was expected> (0x000000008985db28) 
thrown [t:\workspace\open\src\hotspot\share\interpreter\linkResolver.cpp, line 833]
Event: 20.606 Thread 0x0000020983e8fdd0 Exception <a 'java/lang/NoSuchMethodError'{0x000000008989d700}: 'void java.lang.invoke.DirectMethodHandle$Holder.invokeSpecial(java.lang.Object, java.lang.Object, java.lang.Object, java.lang.Object, java.lang.Object, java.lang.Object, java.lang.Object)'> (0x000000008989d700) 
thrown [t:\workspace\open\src\hotspot\share\interpreter\linkResolver.cpp, line 766]
Event: 20.980 Thread 0x0000020983e8fdd0 Exception <a 'java/lang/ClassNotFoundException'{0x0000000088a3fa38}: java/lang/ObjectCustomizer> (0x0000000088a3fa38) 
thrown [t:\workspace\open\src\hotspot\share\classfile\systemDictionary.cpp, line 256]
Event: 20.980 Thread 0x0000020983e8fdd0 Exception <a 'java/lang/ClassNotFoundException'{0x0000000088a45800}: java/lang/reflect/ProxyCustomizer> (0x0000000088a45800) 
thrown [t:\workspace\open\src\hotspot\share\classfile\systemDictionary.cpp, line 256]
Event: 20.981 Thread 0x0000020983e8fdd0 Exception <a 'java/lang/ClassNotFoundException'{0x0000000088a50200}: jdk/proxy3/$Proxy175Customizer> (0x0000000088a50200) 
thrown [t:\workspace\open\src\hotspot\share\classfile\systemDictionary.cpp, line 256]
Event: 20.982 Thread 0x0000020983e8fdd0 Exception <a 'java/lang/ClassNotFoundException'{0x0000000088a5bde8}: com/dh/catalogservice/api/client/ISerieServiceClientCustomizer> (0x0000000088a5bde8) 
thrown [t:\workspace\open\src\hotspot\share\classfile\systemDictionary.cpp, line 256]

VM Operations (20 events):
Event: 17.434 Executing VM operation: G1CollectForAllocation done
Event: 17.439 Executing VM operation: HandshakeAllThreads
Event: 17.439 Executing VM operation: HandshakeAllThreads done
Event: 18.199 Executing VM operation: G1CollectForAllocation
Event: 18.206 Executing VM operation: G1CollectForAllocation done
Event: 18.365 Executing VM operation: HandshakeAllThreads
Event: 18.365 Executing VM operation: HandshakeAllThreads done
Event: 18.679 Executing VM operation: G1CollectForAllocation
Event: 18.686 Executing VM operation: G1CollectForAllocation done
Event: 19.174 Executing VM operation: G1CollectForAllocation
Event: 19.180 Executing VM operation: G1CollectForAllocation done
Event: 19.694 Executing VM operation: G1CollectForAllocation
Event: 19.704 Executing VM operation: G1CollectForAllocation done
Event: 19.996 Executing VM operation: HandshakeAllThreads
Event: 19.996 Executing VM operation: HandshakeAllThreads done
Event: 20.116 Executing VM operation: HandshakeAllThreads
Event: 20.116 Executing VM operation: HandshakeAllThreads done
Event: 20.291 Executing VM operation: G1CollectForAllocation
Event: 20.298 Executing VM operation: G1CollectForAllocation done
Event: 21.042 Executing VM operation: G1CollectForAllocation

Events (20 events):
Event: 20.432 loading class java/io/StreamCorruptedException
Event: 20.432 loading class java/io/StreamCorruptedException done
Event: 20.541 loading class java/util/concurrent/CompletableFuture$AltResult
Event: 20.541 loading class java/util/concurrent/CompletableFuture$AltResult done
Event: 20.541 loading class java/util/concurrent/CompletableFuture$Completion
Event: 20.542 loading class java/util/concurrent/CompletableFuture$AsynchronousCompletionTask
Event: 20.542 loading class java/util/concurrent/CompletableFuture$AsynchronousCompletionTask done
Event: 20.543 loading class java/util/concurrent/CompletableFuture$Completion done
Event: 20.601 loading class java/lang/Package$1PackageInfoProxy
Event: 20.604 loading class java/lang/Package$1PackageInfoProxy done
Event: 20.688 Thread 0x000002098702a6e0 Thread added: 0x000002098702a6e0
Event: 20.694 Thread 0x000002098702a6e0 Thread exited: 0x000002098702a6e0
Event: 20.979 loading class java/lang/ObjectCustomizer
Event: 20.979 loading class java/lang/ObjectCustomizer done
Event: 20.980 loading class java/lang/ObjectCustomizer
Event: 20.980 loading class java/lang/ObjectCustomizer done
Event: 20.980 loading class java/lang/reflect/ProxyCustomizer
Event: 20.980 loading class java/lang/reflect/ProxyCustomizer done
Event: 20.980 loading class java/lang/reflect/ProxyCustomizer
Event: 20.980 loading class java/lang/reflect/ProxyCustomizer done


Dynamic libraries:
0x00007ff712fd0000 - 0x00007ff712fde000 	C:\Users\alexi\.jdks\openjdk-17\bin\java.exe
0x00007ffc7c5d0000 - 0x00007ffc7c7e4000 	C:\WINDOWS\SYSTEM32\ntdll.dll
0x00007ffc39290000 - 0x00007ffc392a9000 	C:\Program Files\Avast Software\Avast\aswhook.dll
0x00007ffc7b0b0000 - 0x00007ffc7b173000 	C:\WINDOWS\System32\KERNEL32.DLL
0x00007ffc79a10000 - 0x00007ffc79dac000 	C:\WINDOWS\System32\KERNELBASE.dll
0x00007ffc7a000000 - 0x00007ffc7a111000 	C:\WINDOWS\System32\ucrtbase.dll
0x00007ffc556b0000 - 0x00007ffc556c8000 	C:\Users\alexi\.jdks\openjdk-17\bin\jli.dll
0x00007ffc7aad0000 - 0x00007ffc7ac7d000 	C:\WINDOWS\System32\USER32.dll
0x00007ffc7a120000 - 0x00007ffc7a146000 	C:\WINDOWS\System32\win32u.dll
0x00007ffc7ac80000 - 0x00007ffc7aca9000 	C:\WINDOWS\System32\GDI32.dll
0x00007ffc7a2c0000 - 0x00007ffc7a3d3000 	C:\WINDOWS\System32\gdi32full.dll
0x00007ffc79e30000 - 0x00007ffc79eca000 	C:\WINDOWS\System32\msvcp_win.dll
0x00007ffc55690000 - 0x00007ffc556aa000 	C:\Users\alexi\.jdks\openjdk-17\bin\VCRUNTIME140.dll
0x00007ffc55160000 - 0x00007ffc553ee000 	C:\WINDOWS\WinSxS\amd64_microsoft.windows.common-controls_6595b64144ccf1df_6.0.22621.608_none_a9444ca7c10bb01d\COMCTL32.dll
0x00007ffc7a5a0000 - 0x00007ffc7a647000 	C:\WINDOWS\System32\msvcrt.dll
0x00007ffc7b840000 - 0x00007ffc7b871000 	C:\WINDOWS\System32\IMM32.DLL
0x00007ffc55680000 - 0x00007ffc5568c000 	C:\Users\alexi\.jdks\openjdk-17\bin\vcruntime140_1.dll
0x00007ffc555f0000 - 0x00007ffc5567d000 	C:\Users\alexi\.jdks\openjdk-17\bin\msvcp140.dll
0x00007ffbf0520000 - 0x00007ffbf10de000 	C:\Users\alexi\.jdks\openjdk-17\bin\server\jvm.dll
0x00007ffc7c2e0000 - 0x00007ffc7c38e000 	C:\WINDOWS\System32\ADVAPI32.dll
0x00007ffc7acb0000 - 0x00007ffc7ad54000 	C:\WINDOWS\System32\sechost.dll
0x00007ffc7b720000 - 0x00007ffc7b835000 	C:\WINDOWS\System32\RPCRT4.dll
0x00007ffc7b510000 - 0x00007ffc7b518000 	C:\WINDOWS\System32\PSAPI.DLL
0x00007ffc5e940000 - 0x00007ffc5e949000 	C:\WINDOWS\SYSTEM32\WSOCK32.dll
0x00007ffc7b960000 - 0x00007ffc7b9d1000 	C:\WINDOWS\System32\WS2_32.dll
0x00007ffc71fa0000 - 0x00007ffc71fd4000 	C:\WINDOWS\SYSTEM32\WINMM.dll
0x00007ffc71ea0000 - 0x00007ffc71eaa000 	C:\WINDOWS\SYSTEM32\VERSION.dll
0x00007ffc78b10000 - 0x00007ffc78b28000 	C:\WINDOWS\SYSTEM32\kernel.appcore.dll
0x00007ffbfd250000 - 0x00007ffbfd25a000 	C:\Users\alexi\.jdks\openjdk-17\bin\jimage.dll
0x00007ffc774d0000 - 0x00007ffc776fe000 	C:\WINDOWS\SYSTEM32\DBGHELP.DLL
0x00007ffc7b180000 - 0x00007ffc7b509000 	C:\WINDOWS\System32\combase.dll
0x00007ffc7b9e0000 - 0x00007ffc7bab7000 	C:\WINDOWS\System32\OLEAUT32.dll
0x00007ffc61150000 - 0x00007ffc61182000 	C:\WINDOWS\SYSTEM32\dbgcore.DLL
0x00007ffc79db0000 - 0x00007ffc79e2b000 	C:\WINDOWS\System32\bcryptPrimitives.dll
0x00007ffc720a0000 - 0x00007ffc720ae000 	C:\Users\alexi\.jdks\openjdk-17\bin\instrument.dll
0x00007ffbf3670000 - 0x00007ffbf3695000 	C:\Users\alexi\.jdks\openjdk-17\bin\java.dll
0x00007ffc1fea0000 - 0x00007ffc1ff76000 	C:\Users\alexi\.jdks\openjdk-17\bin\svml.dll
0x00007ffc7bad0000 - 0x00007ffc7c2c0000 	C:\WINDOWS\System32\SHELL32.dll
0x00007ffc779e0000 - 0x00007ffc782ae000 	C:\WINDOWS\SYSTEM32\windows.storage.dll
0x00007ffc778a0000 - 0x00007ffc779de000 	C:\WINDOWS\SYSTEM32\wintypes.dll
0x00007ffc7c490000 - 0x00007ffc7c581000 	C:\WINDOWS\System32\SHCORE.dll
0x00007ffc7c390000 - 0x00007ffc7c3ee000 	C:\WINDOWS\System32\shlwapi.dll
0x00007ffc79940000 - 0x00007ffc79961000 	C:\WINDOWS\SYSTEM32\profapi.dll
0x00007ffc1fe40000 - 0x00007ffc1fe58000 	C:\Users\alexi\.jdks\openjdk-17\bin\zip.dll
0x00007ffc61ef0000 - 0x00007ffc61f09000 	C:\Users\alexi\.jdks\openjdk-17\bin\net.dll
0x00007ffc71c20000 - 0x00007ffc71d4f000 	C:\WINDOWS\SYSTEM32\WINHTTP.dll
0x00007ffc78f70000 - 0x00007ffc78fd9000 	C:\WINDOWS\system32\mswsock.dll
0x00007ffc61ed0000 - 0x00007ffc61ee5000 	C:\Users\alexi\.jdks\openjdk-17\bin\nio.dll
0x00007ffc62890000 - 0x00007ffc628aa000 	C:\Program Files\JetBrains\IntelliJ IDEA 2022.3.2\bin\breakgen64.dll
0x00007ffc785a0000 - 0x00007ffc78693000 	C:\WINDOWS\SYSTEM32\DNSAPI.dll
0x00007ffc78570000 - 0x00007ffc7859d000 	C:\WINDOWS\SYSTEM32\IPHLPAPI.DLL
0x00007ffc7c3f0000 - 0x00007ffc7c3f9000 	C:\WINDOWS\System32\NSI.dll
0x00007ffc63010000 - 0x00007ffc6301a000 	C:\Windows\System32\rasadhlp.dll
0x00007ffc6c350000 - 0x00007ffc6c3d3000 	C:\WINDOWS\System32\fwpuclnt.dll
0x00007ffc74790000 - 0x00007ffc74799000 	C:\Users\alexi\.jdks\openjdk-17\bin\management.dll
0x00007ffc74260000 - 0x00007ffc7426b000 	C:\Users\alexi\.jdks\openjdk-17\bin\management_ext.dll
0x00007ffc79210000 - 0x00007ffc7922b000 	C:\WINDOWS\SYSTEM32\CRYPTSP.dll
0x00007ffc78a80000 - 0x00007ffc78ab5000 	C:\WINDOWS\system32\rsaenh.dll
0x00007ffc79010000 - 0x00007ffc79038000 	C:\WINDOWS\SYSTEM32\USERENV.dll
0x00007ffc793e0000 - 0x00007ffc79408000 	C:\WINDOWS\SYSTEM32\bcrypt.dll
0x00007ffc79170000 - 0x00007ffc7917c000 	C:\WINDOWS\SYSTEM32\CRYPTBASE.dll
0x00007ffc71e80000 - 0x00007ffc71e99000 	C:\WINDOWS\SYSTEM32\dhcpcsvc6.DLL
0x00007ffc71290000 - 0x00007ffc712af000 	C:\WINDOWS\SYSTEM32\dhcpcsvc.DLL
0x00007ffc4fdd0000 - 0x00007ffc4fde7000 	C:\WINDOWS\system32\napinsp.dll
0x00007ffc4fdb0000 - 0x00007ffc4fdcb000 	C:\WINDOWS\system32\pnrpnsp.dll
0x00007ffc48f20000 - 0x00007ffc48f31000 	C:\WINDOWS\System32\winrnr.dll
0x00007ffc48f00000 - 0x00007ffc48f15000 	C:\WINDOWS\system32\wshbth.dll
0x00007ffc48e10000 - 0x00007ffc48e31000 	C:\WINDOWS\system32\nlansp_c.dll
0x00007ffc61ec0000 - 0x00007ffc61ed0000 	C:\Users\alexi\.jdks\openjdk-17\bin\verify.dll
0x00007ffc627a0000 - 0x00007ffc627ae000 	C:\Users\alexi\.jdks\openjdk-17\bin\sunmscapi.dll
0x00007ffc7a150000 - 0x00007ffc7a2b6000 	C:\WINDOWS\System32\CRYPT32.dll
0x00007ffc793b0000 - 0x00007ffc793dd000 	C:\WINDOWS\SYSTEM32\ncrypt.dll
0x00007ffc79370000 - 0x00007ffc793a7000 	C:\WINDOWS\SYSTEM32\NTASN1.dll
0x00007ffc78b30000 - 0x00007ffc78b64000 	C:\WINDOWS\SYSTEM32\ntmarta.dll
0x00007ffc768c0000 - 0x00007ffc76957000 	C:\WINDOWS\system32\apphelp.dll

dbghelp: loaded successfully - version: 4.0.5 - missing functions: none
symbol engine: initialized successfully - sym options: 0x614 - pdb path: .;C:\Users\alexi\.jdks\openjdk-17\bin;C:\WINDOWS\SYSTEM32;C:\Program Files\Avast Software\Avast;C:\WINDOWS\WinSxS\amd64_microsoft.windows.common-controls_6595b64144ccf1df_6.0.22621.608_none_a9444ca7c10bb01d;C:\Users\alexi\.jdks\openjdk-17\bin\server;C:\Program Files\JetBrains\IntelliJ IDEA 2022.3.2\bin

VM Arguments:
jvm_args: -XX:TieredStopAtLevel=1 -Dspring.output.ansi.enabled=always -Dcom.sun.management.jmxremote -Dspring.jmx.enabled=true -Dspring.liveBeansView.mbeanDomain -Dspring.application.admin.enabled=true -Dmanagement.endpoints.jmx.exposure.include=* -javaagent:C:\Program Files\JetBrains\IntelliJ IDEA 2022.3.2\lib\idea_rt.jar=56805:C:\Program Files\JetBrains\IntelliJ IDEA 2022.3.2\bin -Dfile.encoding=UTF-8 
java_command: com.dh.catalogservice.CatalogServiceApplication
java_class_path (initial): C:\Users\alexi\OneDrive\Escritorio\Parcial especializacion final\ParcialFinal2\ParcialFinalBack2\catalog-service\target\classes;C:\Users\alexi\.m2\repository\org\springframework\boot\spring-boot-starter-actuator\2.7.5\spring-boot-starter-actuator-2.7.5.jar;C:\Users\alexi\.m2\repository\org\springframework\boot\spring-boot-starter\2.7.5\spring-boot-starter-2.7.5.jar;C:\Users\alexi\.m2\repository\org\springframework\boot\spring-boot-starter-logging\2.7.5\spring-boot-starter-logging-2.7.5.jar;C:\Users\alexi\.m2\repository\ch\qos\logback\logback-classic\1.2.11\logback-classic-1.2.11.jar;C:\Users\alexi\.m2\repository\ch\qos\logback\logback-core\1.2.11\logback-core-1.2.11.jar;C:\Users\alexi\.m2\repository\org\apache\logging\log4j\log4j-to-slf4j\2.17.2\log4j-to-slf4j-2.17.2.jar;C:\Users\alexi\.m2\repository\org\apache\logging\log4j\log4j-api\2.17.2\log4j-api-2.17.2.jar;C:\Users\alexi\.m2\repository\org\slf4j\jul-to-slf4j\1.7.36\jul-to-slf4j-1.7.36.jar;C:\Users\alexi\.m2\repository\jakarta\annotation\jakarta.annotation-api\1.3.5\jakarta.annotation-api-1.3.5.jar;C:\Users\alexi\.m2\repository\org\yaml\snakeyaml\1.30\snakeyaml-1.30.jar;C:\Users\alexi\.m2\repository\org\springframework\boot\spring-boot-actuator-autoconfigure\2.7.5\spring-boot-actuator-autoconfigure-2.7.5.jar;C:\Users\alexi\.m2\repository\org\springframework\boot\spring-boot-actuator\2.7.5\spring-boot-actuator-2.7.5.jar;C:\Users\alexi\.m2\repository\com\fasterxml\jackson\datatype\jackson-datatype-jsr310\2.13.4\jackson-datatype-jsr310-2.13.4.jar;C:\Users\alexi\.m2\repository\io\micrometer\micrometer-core\1.9.5\micrometer-core-1.9.5.jar;C:\Users\alexi\.m2\repository\org\hdrhistogram\HdrHistogram\2.1.12\HdrHistogram-2.1.12.jar;C:\Users\alexi\.m2\repository\org\latencyutils\LatencyUtils\2.0.3\LatencyUtils-2.0.3.jar;C:\Users\alexi\.m2\repository\de\flapdoodle\embed\de.flapdoodle.embed.mongo\3.4.11\de.flapdoodle.embed.mongo-3.4.11.jar;C:\Users\alexi\.m2\repository\de\flapdoodle\embed\de.fl
Launcher Type: SUN_STANDARD

[Global flags]
     intx CICompilerCount                          = 3                                         {product} {ergonomic}
     uint ConcGCThreads                            = 1                                         {product} {ergonomic}
     uint G1ConcRefinementThreads                  = 4                                         {product} {ergonomic}
   size_t G1HeapRegionSize                         = 1048576                                   {product} {ergonomic}
    uintx GCDrainStackTargetSize                   = 64                                        {product} {ergonomic}
   size_t InitialHeapSize                          = 130023424                                 {product} {ergonomic}
     bool ManagementServer                         = true                                      {product} {command line}
   size_t MarkStackSize                            = 4194304                                   {product} {ergonomic}
   size_t MaxHeapSize                              = 2067791872                                {product} {ergonomic}
   size_t MaxNewSize                               = 1240465408                                {product} {ergonomic}
   size_t MinHeapDeltaBytes                        = 1048576                                   {product} {ergonomic}
   size_t MinHeapSize                              = 8388608                                   {product} {ergonomic}
    uintx NonProfiledCodeHeapSize                  = 0                                      {pd product} {ergonomic}
     bool ProfileInterpreter                       = false                                  {pd product} {command line}
    uintx ProfiledCodeHeapSize                     = 0                                      {pd product} {ergonomic}
   size_t SoftMaxHeapSize                          = 2067791872                             {manageable} {ergonomic}
     intx TieredStopAtLevel                        = 1                                         {product} {command line}
     bool UseCompressedClassPointers               = true                           {product lp64_product} {ergonomic}
     bool UseCompressedOops                        = true                           {product lp64_product} {ergonomic}
     bool UseG1GC                                  = true                                      {product} {ergonomic}
     bool UseLargePagesIndividualAllocation        = false                                  {pd product} {ergonomic}

Logging:
Log output configuration:
 #0: stdout all=warning uptime,level,tags
 #1: stderr all=off uptime,level,tags

Environment Variables:
JAVA_HOME=C:\Program Files\Java\jdk-17
PATH=C:\Program Files\Common Files\Oracle\Java\javapath;C:\Program Files (x86)\Common Files\Oracle\Java\javapath;C:\WINDOWS\system32;C:\WINDOWS;C:\WINDOWS\System32\Wbem;C:\WINDOWS\System32\WindowsPowerShell\v1.0\;C:\WINDOWS\System32\OpenSSH\;C:\Program Files\Microsoft SQL Server\130\Tools\Binn\;C:\Program Files\Java\jdk-16\bin;C:\Program Files\Git\cmd;C:\Program Files\Microsoft SQL Server\Client SDK\ODBC\170\Tools\Binn\;C:\Program Files (x86)\Microsoft SQL Server\150\Tools\Binn\;C:\Program Files\Microsoft SQL Server\150\Tools\Binn\;C:\Program Files\Microsoft SQL Server\150\DTS\Binn\;C:\Program Files\Azure Data Studio\bin;C:\Program Files\Java\jdk-15.0.2\bin;C:\Program Files\apache-maven-3.9.0\bin;C:\Program Files\Java\jdk-17\bin;C:\Program Files\nodejs\;C:\Program Files\Docker\Docker\resources\bin;C:\ProgramData\chocolatey\bin;C:\Users\alexi\AppData\Local\Microsoft\WindowsApps;;C:\Users\alexi\AppData\Local\Programs\Microsoft VS Code\bin;C:\Program Files\JetBrains\IntelliJ IDEA Community Edition 2021.2.3\bin;;C:\Program Files\Azure Data Studio\bin;C:\Program Files\JetBrains\IntelliJ IDEA 2022.3.2\bin;;C:\Users\alexi\AppData\Roaming\npm
USERNAME=Yair cs
OS=Windows_NT
PROCESSOR_IDENTIFIER=Intel64 Family 6 Model 126 Stepping 5, GenuineIntel



---------------  S Y S T E M  ---------------

OS:
 Windows 10 , 64 bit Build 22621 (10.0.22621.1344)
OS uptime: 0 days 1:01 hours
Hyper-V role detected

CPU: total 4 (initial active 4) (2 cores per cpu, 2 threads per core) family 6 model 126 stepping 5 microcode 0x96, cx8, cmov, fxsr, ht, mmx, 3dnowpref, sse, sse2, sse3, ssse3, sse4.1, sse4.2, popcnt, lzcnt, tsc, tscinvbit, avx, avx2, aes, erms, clmul, bmi1, bmi2, adx, avx512f, avx512dq, avx512cd, avx512bw, avx512vl, sha, fma, vzeroupper, avx512_vpopcntdq, avx512_vpclmulqdq, avx512_vaes, avx512_vnni, clflush, clflushopt, avx512_vbmi2, avx512_vbmi, hv

Memory: 4k page, system-wide physical 7881M (213M free)
TotalPageFile size 16073M (AvailPageFile size 23M)
current process WorkingSet (physical memory assigned to process): 228M, peak: 228M
current process commit charge ("private bytes"): 264M, peak: 283M

vm_info: OpenJDK 64-Bit Server VM (17+35-2724) for windows-amd64 JRE (17+35-2724), built on Aug  5 2021 23:26:02 by "mach5one" with MS VC++ 16.8 (VS2019)

END.
