#
# There is insufficient memory for the Java Runtime Environment to continue.
# Native memory allocation (mmap) failed to map 65536 bytes for Failed to commit metaspace.
# Possible reasons:
#   The system is out of physical RAM or swap space
#   The process is running with CompressedOops enabled, and the Java Heap may be blocking the growth of the native heap
# Possible solutions:
#   Reduce memory load on the system
#   Increase physical memory or swap space
#   Check if swap backing store is full
#   Decrease Java heap size (-Xmx/-Xms)
#   Decrease number of Java threads
#   Decrease Java thread stack sizes (-Xss)
#   Set larger code cache with -XX:ReservedCodeCacheSize=
#   JVM is running with Unscaled Compressed Oops mode in which the Java heap is
#     placed in the first 4GB address space. The Java Heap base address is the
#     maximum limit for the native heap growth. Please use -XX:HeapBaseMinAddress
#     to set the Java Heap base and to place the Java Heap above 4GB virtual address.
# This output file may be truncated or incomplete.
#
#  Out of Memory Error (virtualSpaceNode.cpp:110), pid=21424, tid=14180
#
# JRE version: OpenJDK Runtime Environment (17.0+35) (build 17+35-2724)
# Java VM: OpenJDK 64-Bit Server VM (17+35-2724, mixed mode, emulated-client, sharing, tiered, compressed oops, compressed class ptrs, g1 gc, windows-amd64)
# No core dump will be written. Minidumps are not enabled by default on client versions of Windows
#

---------------  S U M M A R Y ------------

Command Line: -XX:TieredStopAtLevel=1 -Dspring.output.ansi.enabled=always -Dcom.sun.management.jmxremote -Dspring.jmx.enabled=true -Dspring.liveBeansView.mbeanDomain -Dspring.application.admin.enabled=true -Dmanagement.endpoints.jmx.exposure.include=* -javaagent:C:\Program Files\JetBrains\IntelliJ IDEA 2022.3.2\lib\idea_rt.jar=51436:C:\Program Files\JetBrains\IntelliJ IDEA 2022.3.2\bin -Dfile.encoding=UTF-8 com.dh.catalogservice.CatalogServiceApplication

Host: Intel(R) Core(TM) i3-1005G1 CPU @ 1.20GHz, 4 cores, 7G,  Windows 10 , 64 bit Build 22621 (10.0.22621.1344)
Time: Sat Apr  8 15:32:41 2023 Hora est. Pacífico, Sudamérica elapsed time: 2.296102 seconds (0d 0h 0m 2s)

---------------  T H R E A D  ---------------

Current thread (0x0000011512115ff0):  JavaThread "restartedMain" [_thread_in_vm, id=14180, stack(0x000000134e900000,0x000000134ea00000)]

Stack: [0x000000134e900000,0x000000134ea00000]
Native frames: (J=compiled Java code, j=interpreted, Vv=VM code, C=native code)
V  [jvm.dll+0x66f8ea]
V  [jvm.dll+0x7ce224]
V  [jvm.dll+0x7cf9ce]
V  [jvm.dll+0x7d0033]
V  [jvm.dll+0x242bb5]
V  [jvm.dll+0x7ca1cb]
V  [jvm.dll+0x615a46]
V  [jvm.dll+0x1be28e]
V  [jvm.dll+0x618381]
V  [jvm.dll+0x6163e6]
V  [jvm.dll+0x367892]
V  [jvm.dll+0x1dfb6b]
V  [jvm.dll+0x5375e9]
V  [jvm.dll+0x74971d]
V  [jvm.dll+0x74967a]
V  [jvm.dll+0x408f64]
V  [jvm.dll+0x41c6cb]
C  [java.dll+0x1657]

Java frames: (J=compiled Java code, j=interpreted, Vv=VM code)
j  java.lang.ClassLoader.defineClass0(Ljava/lang/ClassLoader;Ljava/lang/Class;Ljava/lang/String;[BIILjava/security/ProtectionDomain;ZILjava/lang/Object;)Ljava/lang/Class;+0 java.base@17
j  java.lang.System$2.defineClass(Ljava/lang/ClassLoader;Ljava/lang/Class;Ljava/lang/String;[BLjava/security/ProtectionDomain;ZILjava/lang/Object;)Ljava/lang/Class;+17 java.base@17
j  java.lang.invoke.MethodHandles$Lookup$ClassDefiner.defineClass(ZLjava/lang/Object;)Ljava/lang/Class;+54 java.base@17
j  java.lang.invoke.InvokerBytecodeGenerator.loadMethod([B)Ljava/lang/invoke/MemberName;+16 java.base@17
j  java.lang.invoke.InvokerBytecodeGenerator.generateCustomizedCode(Ljava/lang/invoke/LambdaForm;Ljava/lang/invoke/MethodType;)Ljava/lang/invoke/MemberName;+30 java.base@17
j  java.lang.invoke.LambdaForm.compileToBytecode()V+69 java.base@17
j  java.lang.invoke.DirectMethodHandle.makePreparedLambdaForm(Ljava/lang/invoke/MethodType;I)Ljava/lang/invoke/LambdaForm;+792 java.base@17
J 1397 c1 java.lang.invoke.DirectMethodHandle.preparedLambdaForm(Ljava/lang/invoke/MemberName;Z)Ljava/lang/invoke/LambdaForm; java.base@17 (244 bytes) @ 0x0000011507b567cc [0x0000011507b56560+0x000000000000026c]
J 1580 c1 java.lang.invoke.DirectMethodHandle.make(BLjava/lang/Class;Ljava/lang/invoke/MemberName;Ljava/lang/Class;)Ljava/lang/invoke/DirectMethodHandle; java.base@17 (275 bytes) @ 0x0000011507ba4fec [0x0000011507ba4980+0x000000000000066c]
j  java.lang.invoke.MethodHandles$Lookup.getDirectMethodCommon(BLjava/lang/Class;Ljava/lang/invoke/MemberName;ZZLjava/lang/invoke/MethodHandles$Lookup;)Ljava/lang/invoke/MethodHandle;+210 java.base@17
j  java.lang.invoke.MethodHandles$Lookup.getDirectMethodNoSecurityManager(BLjava/lang/Class;Ljava/lang/invoke/MemberName;Ljava/lang/invoke/MethodHandles$Lookup;)Ljava/lang/invoke/MethodHandle;+14 java.base@17
j  java.lang.invoke.MethodHandles$Lookup.getDirectMethodForConstant(BLjava/lang/Class;Ljava/lang/invoke/MemberName;)Ljava/lang/invoke/MethodHandle;+31 java.base@17
J 1419 c1 java.lang.invoke.MethodHandles$Lookup.linkMethodHandleConstant(BLjava/lang/Class;Ljava/lang/String;Ljava/lang/Object;)Ljava/lang/invoke/MethodHandle; java.base@17 (223 bytes) @ 0x0000011507b60bac [0x0000011507b60600+0x00000000000005ac]
J 1418 c1 java.lang.invoke.MethodHandleNatives.linkMethodHandleConstant(Ljava/lang/Class;ILjava/lang/Class;Ljava/lang/String;Ljava/lang/Object;)Ljava/lang/invoke/MethodHandle; java.base@17 (50 bytes) @ 0x0000011507b5fd9c [0x0000011507b5fd40+0x000000000000005c]
v  ~StubRoutines::call_stub
j  org.springframework.boot.env.ReflectionEnvironmentPostProcessorsFactory.lambda$getEnvironmentPostProcessors$0(Lorg/springframework/boot/logging/DeferredLogFactory;Lorg/springframework/boot/ConfigurableBootstrapContext;Lorg/springframework/boot/util/Instantiator$AvailableParameters;)V+18
j  org.springframework.boot.env.ReflectionEnvironmentPostProcessorsFactory$$Lambda$194+0x0000000800d3d800.accept(Ljava/lang/Object;)V+12
j  org.springframework.boot.util.Instantiator.getAvailableParameters(Ljava/util/function/Consumer;)Ljava/util/Map;+18
j  org.springframework.boot.util.Instantiator.<init>(Ljava/lang/Class;Ljava/util/function/Consumer;Lorg/springframework/boot/util/Instantiator$FailureHandler;)V+12
j  org.springframework.boot.util.Instantiator.<init>(Ljava/lang/Class;Ljava/util/function/Consumer;)V+6
j  org.springframework.boot.env.ReflectionEnvironmentPostProcessorsFactory.getEnvironmentPostProcessors(Lorg/springframework/boot/logging/DeferredLogFactory;Lorg/springframework/boot/ConfigurableBootstrapContext;)Ljava/util/List;+13
j  org.springframework.boot.env.EnvironmentPostProcessorApplicationListener.getEnvironmentPostProcessors(Lorg/springframework/core/io/ResourceLoader;Lorg/springframework/boot/ConfigurableBootstrapContext;)Ljava/util/List;+37
j  org.springframework.boot.env.EnvironmentPostProcessorApplicationListener.onApplicationEnvironmentPreparedEvent(Lorg/springframework/boot/context/event/ApplicationEnvironmentPreparedEvent;)V+19
j  org.springframework.boot.env.EnvironmentPostProcessorApplicationListener.onApplicationEvent(Lorg/springframework/context/ApplicationEvent;)V+12
j  org.springframework.context.event.SimpleApplicationEventMulticaster.doInvokeListener(Lorg/springframework/context/ApplicationListener;Lorg/springframework/context/ApplicationEvent;)V+2
j  org.springframework.context.event.SimpleApplicationEventMulticaster.invokeListener(Lorg/springframework/context/ApplicationListener;Lorg/springframework/context/ApplicationEvent;)V+34
j  org.springframework.context.event.SimpleApplicationEventMulticaster.multicastEvent(Lorg/springframework/context/ApplicationEvent;Lorg/springframework/core/ResolvableType;)V+83
j  org.springframework.context.event.SimpleApplicationEventMulticaster.multicastEvent(Lorg/springframework/context/ApplicationEvent;)V+7
j  org.springframework.boot.context.event.EventPublishingRunListener.environmentPrepared(Lorg/springframework/boot/ConfigurableBootstrapContext;Lorg/springframework/core/env/ConfigurableEnvironment;)V+21
j  org.springframework.boot.SpringApplicationRunListeners.lambda$environmentPrepared$2(Lorg/springframework/boot/ConfigurableBootstrapContext;Lorg/springframework/core/env/ConfigurableEnvironment;Lorg/springframework/boot/SpringApplicationRunListener;)V+3
j  org.springframework.boot.SpringApplicationRunListeners$$Lambda$178+0x0000000800d39180.accept(Ljava/lang/Object;)V+12
j  java.util.ArrayList.forEach(Ljava/util/function/Consumer;)V+46 java.base@17
j  org.springframework.boot.SpringApplicationRunListeners.doWithListeners(Ljava/lang/String;Ljava/util/function/Consumer;Ljava/util/function/Consumer;)V+17
j  org.springframework.boot.SpringApplicationRunListeners.doWithListeners(Ljava/lang/String;Ljava/util/function/Consumer;)V+4
j  org.springframework.boot.SpringApplicationRunListeners.environmentPrepared(Lorg/springframework/boot/ConfigurableBootstrapContext;Lorg/springframework/core/env/ConfigurableEnvironment;)V+10
j  org.springframework.boot.SpringApplication.prepareEnvironment(Lorg/springframework/boot/SpringApplicationRunListeners;Lorg/springframework/boot/DefaultBootstrapContext;Lorg/springframework/boot/ApplicationArguments;)Lorg/springframework/core/env/ConfigurableEnvironment;+27
j  org.springframework.boot.SpringApplication.run([Ljava/lang/String;)Lorg/springframework/context/ConfigurableApplicationContext;+52
j  org.springframework.boot.SpringApplication.run([Ljava/lang/Class;[Ljava/lang/String;)Lorg/springframework/context/ConfigurableApplicationContext;+9
j  org.springframework.boot.SpringApplication.run(Ljava/lang/Class;[Ljava/lang/String;)Lorg/springframework/context/ConfigurableApplicationContext;+9
j  com.dh.catalogservice.CatalogServiceApplication.main([Ljava/lang/String;)V+3
v  ~StubRoutines::call_stub
j  jdk.internal.reflect.NativeMethodAccessorImpl.invoke0(Ljava/lang/reflect/Method;Ljava/lang/Object;[Ljava/lang/Object;)Ljava/lang/Object;+0 java.base@17
j  jdk.internal.reflect.NativeMethodAccessorImpl.invoke(Ljava/lang/Object;[Ljava/lang/Object;)Ljava/lang/Object;+133 java.base@17
j  jdk.internal.reflect.DelegatingMethodAccessorImpl.invoke(Ljava/lang/Object;[Ljava/lang/Object;)Ljava/lang/Object;+6 java.base@17
j  java.lang.reflect.Method.invoke(Ljava/lang/Object;[Ljava/lang/Object;)Ljava/lang/Object;+59 java.base@17
j  org.springframework.boot.devtools.restart.RestartLauncher.run()V+42
v  ~StubRoutines::call_stub

---------------  P R O C E S S  ---------------

Threads class SMR info:
_java_thread_list=0x00000115120e1dd0, length=19, elements={
0x000001157e692510, 0x000001157f667ea0, 0x000001157f66d880, 0x000001157f67dfd0,
0x000001157f67ed90, 0x000001157f67f740, 0x000001157f6800f0, 0x000001157f680b50,
0x000001157f681ce0, 0x000001157f64ea50, 0x000001151113e0a0, 0x00000115111427a0,
0x0000011511695b10, 0x0000011511695fe0, 0x00000115119dfc60, 0x00000115116a2330,
0x0000011512079a70, 0x0000011512096660, 0x0000011512115ff0
}

Java Threads: ( => current thread )
  0x000001157e692510 JavaThread "main" [_thread_blocked, id=5180, stack(0x000000134cd00000,0x000000134ce00000)]
  0x000001157f667ea0 JavaThread "Reference Handler" daemon [_thread_blocked, id=4928, stack(0x000000134d400000,0x000000134d500000)]
  0x000001157f66d880 JavaThread "Finalizer" daemon [_thread_blocked, id=18452, stack(0x000000134d500000,0x000000134d600000)]
  0x000001157f67dfd0 JavaThread "Signal Dispatcher" daemon [_thread_blocked, id=11200, stack(0x000000134d600000,0x000000134d700000)]
  0x000001157f67ed90 JavaThread "Attach Listener" daemon [_thread_blocked, id=19972, stack(0x000000134d700000,0x000000134d800000)]
  0x000001157f67f740 JavaThread "Service Thread" daemon [_thread_blocked, id=14536, stack(0x000000134d800000,0x000000134d900000)]
  0x000001157f6800f0 JavaThread "Monitor Deflation Thread" daemon [_thread_blocked, id=5288, stack(0x000000134d900000,0x000000134da00000)]
  0x000001157f680b50 JavaThread "C1 CompilerThread0" daemon [_thread_blocked, id=9152, stack(0x000000134da00000,0x000000134db00000)]
  0x000001157f681ce0 JavaThread "Sweeper thread" daemon [_thread_blocked, id=2768, stack(0x000000134db00000,0x000000134dc00000)]
  0x000001157f64ea50 JavaThread "Common-Cleaner" daemon [_thread_blocked, id=9712, stack(0x000000134dc00000,0x000000134dd00000)]
  0x000001151113e0a0 JavaThread "C1 CompilerThread1" daemon [_thread_blocked, id=19636, stack(0x000000134dd00000,0x000000134de00000)]
  0x00000115111427a0 JavaThread "C1 CompilerThread2" daemon [_thread_blocked, id=9772, stack(0x000000134de00000,0x000000134df00000)]
  0x0000011511695b10 JavaThread "Monitor Ctrl-Break" daemon [_thread_in_native, id=5100, stack(0x000000134e100000,0x000000134e200000)]
  0x0000011511695fe0 JavaThread "Notification Thread" daemon [_thread_blocked, id=13096, stack(0x000000134e200000,0x000000134e300000)]
  0x00000115119dfc60 JavaThread "RMI TCP Accept-0" daemon [_thread_in_native, id=3816, stack(0x000000134e300000,0x000000134e400000)]
  0x00000115116a2330 JavaThread "RMI TCP Connection(1)-192.168.101.5" daemon [_thread_in_native, id=20892, stack(0x000000134e600000,0x000000134e700000)]
  0x0000011512079a70 JavaThread "RMI Scheduler(0)" daemon [_thread_blocked, id=9052, stack(0x000000134e700000,0x000000134e800000)]
  0x0000011512096660 JavaThread "Thread-0" [_thread_blocked, id=16356, stack(0x000000134e800000,0x000000134e900000)]
=>0x0000011512115ff0 JavaThread "restartedMain" [_thread_in_vm, id=14180, stack(0x000000134e900000,0x000000134ea00000)]

Other Threads:
  0x000001157f661960 VMThread "VM Thread" [stack: 0x000000134d300000,0x000000134d400000] [id=15584]
  0x000001157e693590 WatcherThread [stack: 0x000000134e400000,0x000000134e500000] [id=15968]
  0x000001157e6d0fe0 GCTaskThread "GC Thread#0" [stack: 0x000000134ce00000,0x000000134cf00000] [id=19288]
  0x0000011511692ad0 GCTaskThread "GC Thread#1" [stack: 0x000000134df00000,0x000000134e000000] [id=8900]
  0x00000115116a4380 GCTaskThread "GC Thread#2" [stack: 0x000000134e000000,0x000000134e100000] [id=16744]
  0x0000011511fe9a80 GCTaskThread "GC Thread#3" [stack: 0x000000134e500000,0x000000134e600000] [id=6408]
  0x000001157e6e25b0 ConcurrentGCThread "G1 Main Marker" [stack: 0x000000134cf00000,0x000000134d000000] [id=14500]
  0x000001157e6e4ed0 ConcurrentGCThread "G1 Conc#0" [stack: 0x000000134d000000,0x000000134d100000] [id=11560]
  0x000001157f510090 ConcurrentGCThread "G1 Refine#0" [stack: 0x000000134d100000,0x000000134d200000] [id=20440]
  0x000001157f510b10 ConcurrentGCThread "G1 Service" [stack: 0x000000134d200000,0x000000134d300000] [id=19384]

Threads with active compile tasks:

VM state: not at safepoint (normal execution)

VM Mutex/Monitor currently owned by a thread:  ([mutex/lock_event])
[0x000001157e68d680] Metaspace_lock - owner thread: 0x0000011512115ff0

Heap address: 0x0000000084c00000, size: 1972 MB, Compressed Oops mode: 32-bit

CDS archive(s) mapped at: [0x0000000800000000-0x0000000800bc0000-0x0000000800bc0000), size 12320768, SharedBaseAddress: 0x0000000800000000, ArchiveRelocationMode: 0.
Compressed class space mapped at: 0x0000000800c00000-0x0000000840c00000, reserved size: 1073741824
Narrow klass base: 0x0000000800000000, Narrow klass shift: 0, Narrow klass range: 0x100000000

GC Precious Log:
 CPUs: 4 total, 4 available
 Memory: 7881M
 Large Page Support: Disabled
 NUMA Support: Disabled
 Compressed Oops: Enabled (32-bit)
 Heap Region Size: 1M
 Heap Min Capacity: 8M
 Heap Initial Capacity: 124M
 Heap Max Capacity: 1972M
 Pre-touch: Disabled
 Parallel Workers: 4
 Concurrent Workers: 1
 Concurrent Refinement Workers: 4
 Periodic GC: Disabled

Heap:
 garbage-first heap   total 126976K, used 65881K [0x0000000084c00000, 0x0000000100000000)
  region size 1024K, 55 young (56320K), 2 survivors (2048K)
 Metaspace       used 9461K, committed 9664K, reserved 1064960K
  class space    used 1227K, committed 1280K, reserved 1048576K

Heap Regions: E=young(eden), S=young(survivor), O=old, HS=humongous(starts), HC=humongous(continues), CS=collection set, F=free, OA=open archive, CA=closed archive, TAMS=top-at-mark-start (previous, next)
|   0|0x0000000084c00000, 0x0000000084d00000, 0x0000000084d00000|100%|HS|  |TAMS 0x0000000084c00000, 0x0000000084c00000| Complete 
|   1|0x0000000084d00000, 0x0000000084e00000, 0x0000000084e00000|100%| O|  |TAMS 0x0000000084d00000, 0x0000000084d00000| Untracked 
|   2|0x0000000084e00000, 0x0000000084f00000, 0x0000000084f00000|100%| O|  |TAMS 0x0000000084e00000, 0x0000000084e00000| Untracked 
|   3|0x0000000084f00000, 0x0000000085000000, 0x0000000085000000|100%| O|  |TAMS 0x0000000084f00000, 0x0000000084f00000| Untracked 
|   4|0x0000000085000000, 0x0000000085100000, 0x0000000085100000|100%| O|  |TAMS 0x0000000085000000, 0x0000000085000000| Untracked 
|   5|0x0000000085100000, 0x0000000085200000, 0x0000000085200000|100%| O|  |TAMS 0x0000000085100000, 0x0000000085100000| Untracked 
|   6|0x0000000085200000, 0x0000000085300000, 0x0000000085300000|100%| O|  |TAMS 0x0000000085200000, 0x0000000085200000| Untracked 
|   7|0x0000000085300000, 0x0000000085400000, 0x0000000085400000|100%| O|  |TAMS 0x0000000085300000, 0x0000000085300000| Untracked 
|   8|0x0000000085400000, 0x0000000085500000, 0x0000000085500000|100%| O|  |TAMS 0x0000000085400000, 0x0000000085400000| Untracked 
|   9|0x0000000085500000, 0x0000000085600000, 0x0000000085600000|100%| O|  |TAMS 0x0000000085500000, 0x0000000085500000| Untracked 
|  10|0x0000000085600000, 0x0000000085700000, 0x0000000085700000|100%| O|  |TAMS 0x0000000085600000, 0x0000000085600000| Untracked 
|  11|0x0000000085700000, 0x000000008572b400, 0x0000000085800000| 16%| O|  |TAMS 0x0000000085700000, 0x0000000085700000| Untracked 
|  12|0x0000000085800000, 0x0000000085900000, 0x0000000085900000|100%|HS|  |TAMS 0x0000000085800000, 0x0000000085800000| Complete 
|  13|0x0000000085900000, 0x0000000085900000, 0x0000000085a00000|  0%| F|  |TAMS 0x0000000085900000, 0x0000000085900000| Untracked 
|  14|0x0000000085a00000, 0x0000000085a00000, 0x0000000085b00000|  0%| F|  |TAMS 0x0000000085a00000, 0x0000000085a00000| Untracked 
|  15|0x0000000085b00000, 0x0000000085b00000, 0x0000000085c00000|  0%| F|  |TAMS 0x0000000085b00000, 0x0000000085b00000| Untracked 
|  16|0x0000000085c00000, 0x0000000085c00000, 0x0000000085d00000|  0%| F|  |TAMS 0x0000000085c00000, 0x0000000085c00000| Untracked 
|  17|0x0000000085d00000, 0x0000000085d00000, 0x0000000085e00000|  0%| F|  |TAMS 0x0000000085d00000, 0x0000000085d00000| Untracked 
|  18|0x0000000085e00000, 0x0000000085e00000, 0x0000000085f00000|  0%| F|  |TAMS 0x0000000085e00000, 0x0000000085e00000| Untracked 
|  19|0x0000000085f00000, 0x0000000085f00000, 0x0000000086000000|  0%| F|  |TAMS 0x0000000085f00000, 0x0000000085f00000| Untracked 
|  20|0x0000000086000000, 0x0000000086000000, 0x0000000086100000|  0%| F|  |TAMS 0x0000000086000000, 0x0000000086000000| Untracked 
|  21|0x0000000086100000, 0x0000000086100000, 0x0000000086200000|  0%| F|  |TAMS 0x0000000086100000, 0x0000000086100000| Untracked 
|  22|0x0000000086200000, 0x0000000086200000, 0x0000000086300000|  0%| F|  |TAMS 0x0000000086200000, 0x0000000086200000| Untracked 
|  23|0x0000000086300000, 0x0000000086300000, 0x0000000086400000|  0%| F|  |TAMS 0x0000000086300000, 0x0000000086300000| Untracked 
|  24|0x0000000086400000, 0x0000000086400000, 0x0000000086500000|  0%| F|  |TAMS 0x0000000086400000, 0x0000000086400000| Untracked 
|  25|0x0000000086500000, 0x0000000086500000, 0x0000000086600000|  0%| F|  |TAMS 0x0000000086500000, 0x0000000086500000| Untracked 
|  26|0x0000000086600000, 0x0000000086600000, 0x0000000086700000|  0%| F|  |TAMS 0x0000000086600000, 0x0000000086600000| Untracked 
|  27|0x0000000086700000, 0x0000000086700000, 0x0000000086800000|  0%| F|  |TAMS 0x0000000086700000, 0x0000000086700000| Untracked 
|  28|0x0000000086800000, 0x0000000086800000, 0x0000000086900000|  0%| F|  |TAMS 0x0000000086800000, 0x0000000086800000| Untracked 
|  29|0x0000000086900000, 0x0000000086900000, 0x0000000086a00000|  0%| F|  |TAMS 0x0000000086900000, 0x0000000086900000| Untracked 
|  30|0x0000000086a00000, 0x0000000086a00000, 0x0000000086b00000|  0%| F|  |TAMS 0x0000000086a00000, 0x0000000086a00000| Untracked 
|  31|0x0000000086b00000, 0x0000000086b00000, 0x0000000086c00000|  0%| F|  |TAMS 0x0000000086b00000, 0x0000000086b00000| Untracked 
|  32|0x0000000086c00000, 0x0000000086c00000, 0x0000000086d00000|  0%| F|  |TAMS 0x0000000086c00000, 0x0000000086c00000| Untracked 
|  33|0x0000000086d00000, 0x0000000086d00000, 0x0000000086e00000|  0%| F|  |TAMS 0x0000000086d00000, 0x0000000086d00000| Untracked 
|  34|0x0000000086e00000, 0x0000000086e00000, 0x0000000086f00000|  0%| F|  |TAMS 0x0000000086e00000, 0x0000000086e00000| Untracked 
|  35|0x0000000086f00000, 0x0000000086f00000, 0x0000000087000000|  0%| F|  |TAMS 0x0000000086f00000, 0x0000000086f00000| Untracked 
|  36|0x0000000087000000, 0x0000000087000000, 0x0000000087100000|  0%| F|  |TAMS 0x0000000087000000, 0x0000000087000000| Untracked 
|  37|0x0000000087100000, 0x0000000087100000, 0x0000000087200000|  0%| F|  |TAMS 0x0000000087100000, 0x0000000087100000| Untracked 
|  38|0x0000000087200000, 0x0000000087200000, 0x0000000087300000|  0%| F|  |TAMS 0x0000000087200000, 0x0000000087200000| Untracked 
|  39|0x0000000087300000, 0x0000000087300000, 0x0000000087400000|  0%| F|  |TAMS 0x0000000087300000, 0x0000000087300000| Untracked 
|  40|0x0000000087400000, 0x0000000087400000, 0x0000000087500000|  0%| F|  |TAMS 0x0000000087400000, 0x0000000087400000| Untracked 
|  41|0x0000000087500000, 0x0000000087500000, 0x0000000087600000|  0%| F|  |TAMS 0x0000000087500000, 0x0000000087500000| Untracked 
|  42|0x0000000087600000, 0x0000000087600000, 0x0000000087700000|  0%| F|  |TAMS 0x0000000087600000, 0x0000000087600000| Untracked 
|  43|0x0000000087700000, 0x0000000087700000, 0x0000000087800000|  0%| F|  |TAMS 0x0000000087700000, 0x0000000087700000| Untracked 
|  44|0x0000000087800000, 0x0000000087800000, 0x0000000087900000|  0%| F|  |TAMS 0x0000000087800000, 0x0000000087800000| Untracked 
|  45|0x0000000087900000, 0x0000000087900000, 0x0000000087a00000|  0%| F|  |TAMS 0x0000000087900000, 0x0000000087900000| Untracked 
|  46|0x0000000087a00000, 0x0000000087a00000, 0x0000000087b00000|  0%| F|  |TAMS 0x0000000087a00000, 0x0000000087a00000| Untracked 
|  47|0x0000000087b00000, 0x0000000087b00000, 0x0000000087c00000|  0%| F|  |TAMS 0x0000000087b00000, 0x0000000087b00000| Untracked 
|  48|0x0000000087c00000, 0x0000000087c00000, 0x0000000087d00000|  0%| F|  |TAMS 0x0000000087c00000, 0x0000000087c00000| Untracked 
|  49|0x0000000087d00000, 0x0000000087d00000, 0x0000000087e00000|  0%| F|  |TAMS 0x0000000087d00000, 0x0000000087d00000| Untracked 
|  50|0x0000000087e00000, 0x0000000087e00000, 0x0000000087f00000|  0%| F|  |TAMS 0x0000000087e00000, 0x0000000087e00000| Untracked 
|  51|0x0000000087f00000, 0x0000000087f00000, 0x0000000088000000|  0%| F|  |TAMS 0x0000000087f00000, 0x0000000087f00000| Untracked 
|  52|0x0000000088000000, 0x0000000088000000, 0x0000000088100000|  0%| F|  |TAMS 0x0000000088000000, 0x0000000088000000| Untracked 
|  53|0x0000000088100000, 0x0000000088100000, 0x0000000088200000|  0%| F|  |TAMS 0x0000000088100000, 0x0000000088100000| Untracked 
|  54|0x0000000088200000, 0x0000000088200000, 0x0000000088300000|  0%| F|  |TAMS 0x0000000088200000, 0x0000000088200000| Untracked 
|  55|0x0000000088300000, 0x0000000088300000, 0x0000000088400000|  0%| F|  |TAMS 0x0000000088300000, 0x0000000088300000| Untracked 
|  56|0x0000000088400000, 0x0000000088400000, 0x0000000088500000|  0%| F|  |TAMS 0x0000000088400000, 0x0000000088400000| Untracked 
|  57|0x0000000088500000, 0x0000000088500000, 0x0000000088600000|  0%| F|  |TAMS 0x0000000088500000, 0x0000000088500000| Untracked 
|  58|0x0000000088600000, 0x0000000088600000, 0x0000000088700000|  0%| F|  |TAMS 0x0000000088600000, 0x0000000088600000| Untracked 
|  59|0x0000000088700000, 0x0000000088700000, 0x0000000088800000|  0%| F|  |TAMS 0x0000000088700000, 0x0000000088700000| Untracked 
|  60|0x0000000088800000, 0x0000000088800000, 0x0000000088900000|  0%| F|  |TAMS 0x0000000088800000, 0x0000000088800000| Untracked 
|  61|0x0000000088900000, 0x0000000088900000, 0x0000000088a00000|  0%| F|  |TAMS 0x0000000088900000, 0x0000000088900000| Untracked 
|  62|0x0000000088a00000, 0x0000000088a00000, 0x0000000088b00000|  0%| F|  |TAMS 0x0000000088a00000, 0x0000000088a00000| Untracked 
|  63|0x0000000088b00000, 0x0000000088b00000, 0x0000000088c00000|  0%| F|  |TAMS 0x0000000088b00000, 0x0000000088b00000| Untracked 
|  64|0x0000000088c00000, 0x0000000088c00000, 0x0000000088d00000|  0%| F|  |TAMS 0x0000000088c00000, 0x0000000088c00000| Untracked 
|  65|0x0000000088d00000, 0x0000000088d00000, 0x0000000088e00000|  0%| F|  |TAMS 0x0000000088d00000, 0x0000000088d00000| Untracked 
|  66|0x0000000088e00000, 0x0000000088e00000, 0x0000000088f00000|  0%| F|  |TAMS 0x0000000088e00000, 0x0000000088e00000| Untracked 
|  67|0x0000000088f00000, 0x0000000088f00000, 0x0000000089000000|  0%| F|  |TAMS 0x0000000088f00000, 0x0000000088f00000| Untracked 
|  68|0x0000000089000000, 0x0000000089000000, 0x0000000089100000|  0%| F|  |TAMS 0x0000000089000000, 0x0000000089000000| Untracked 
|  69|0x0000000089100000, 0x00000000891493b8, 0x0000000089200000| 28%| E|  |TAMS 0x0000000089100000, 0x0000000089100000| Complete 
|  70|0x0000000089200000, 0x0000000089300000, 0x0000000089300000|100%| E|CS|TAMS 0x0000000089200000, 0x0000000089200000| Complete 
|  71|0x0000000089300000, 0x0000000089400000, 0x0000000089400000|100%| E|CS|TAMS 0x0000000089300000, 0x0000000089300000| Complete 
|  72|0x0000000089400000, 0x0000000089500000, 0x0000000089500000|100%| E|CS|TAMS 0x0000000089400000, 0x0000000089400000| Complete 
|  73|0x0000000089500000, 0x0000000089600000, 0x0000000089600000|100%| E|CS|TAMS 0x0000000089500000, 0x0000000089500000| Complete 
|  74|0x0000000089600000, 0x0000000089700000, 0x0000000089700000|100%| E|CS|TAMS 0x0000000089600000, 0x0000000089600000| Complete 
|  75|0x0000000089700000, 0x0000000089800000, 0x0000000089800000|100%| E|CS|TAMS 0x0000000089700000, 0x0000000089700000| Complete 
|  76|0x0000000089800000, 0x0000000089900000, 0x0000000089900000|100%| E|CS|TAMS 0x0000000089800000, 0x0000000089800000| Complete 
|  77|0x0000000089900000, 0x0000000089a00000, 0x0000000089a00000|100%| E|CS|TAMS 0x0000000089900000, 0x0000000089900000| Complete 
|  78|0x0000000089a00000, 0x0000000089b00000, 0x0000000089b00000|100%| E|CS|TAMS 0x0000000089a00000, 0x0000000089a00000| Complete 
|  79|0x0000000089b00000, 0x0000000089c00000, 0x0000000089c00000|100%| E|CS|TAMS 0x0000000089b00000, 0x0000000089b00000| Complete 
|  80|0x0000000089c00000, 0x0000000089d00000, 0x0000000089d00000|100%| E|CS|TAMS 0x0000000089c00000, 0x0000000089c00000| Complete 
|  81|0x0000000089d00000, 0x0000000089e00000, 0x0000000089e00000|100%| E|CS|TAMS 0x0000000089d00000, 0x0000000089d00000| Complete 
|  82|0x0000000089e00000, 0x0000000089f00000, 0x0000000089f00000|100%| E|CS|TAMS 0x0000000089e00000, 0x0000000089e00000| Complete 
|  83|0x0000000089f00000, 0x000000008a000000, 0x000000008a000000|100%| E|CS|TAMS 0x0000000089f00000, 0x0000000089f00000| Complete 
|  84|0x000000008a000000, 0x000000008a100000, 0x000000008a100000|100%| E|CS|TAMS 0x000000008a000000, 0x000000008a000000| Complete 
|  85|0x000000008a100000, 0x000000008a200000, 0x000000008a200000|100%| E|CS|TAMS 0x000000008a100000, 0x000000008a100000| Complete 
|  86|0x000000008a200000, 0x000000008a300000, 0x000000008a300000|100%| E|CS|TAMS 0x000000008a200000, 0x000000008a200000| Complete 
|  87|0x000000008a300000, 0x000000008a400000, 0x000000008a400000|100%| E|CS|TAMS 0x000000008a300000, 0x000000008a300000| Complete 
|  88|0x000000008a400000, 0x000000008a500000, 0x000000008a500000|100%| E|CS|TAMS 0x000000008a400000, 0x000000008a400000| Complete 
|  89|0x000000008a500000, 0x000000008a600000, 0x000000008a600000|100%| E|CS|TAMS 0x000000008a500000, 0x000000008a500000| Complete 
|  90|0x000000008a600000, 0x000000008a700000, 0x000000008a700000|100%| E|CS|TAMS 0x000000008a600000, 0x000000008a600000| Complete 
|  91|0x000000008a700000, 0x000000008a800000, 0x000000008a800000|100%| E|CS|TAMS 0x000000008a700000, 0x000000008a700000| Complete 
|  92|0x000000008a800000, 0x000000008a900000, 0x000000008a900000|100%| E|CS|TAMS 0x000000008a800000, 0x000000008a800000| Complete 
|  93|0x000000008a900000, 0x000000008aa00000, 0x000000008aa00000|100%| E|CS|TAMS 0x000000008a900000, 0x000000008a900000| Complete 
|  94|0x000000008aa00000, 0x000000008ab00000, 0x000000008ab00000|100%| E|CS|TAMS 0x000000008aa00000, 0x000000008aa00000| Complete 
|  95|0x000000008ab00000, 0x000000008ac00000, 0x000000008ac00000|100%| E|CS|TAMS 0x000000008ab00000, 0x000000008ab00000| Complete 
|  96|0x000000008ac00000, 0x000000008ad00000, 0x000000008ad00000|100%| E|CS|TAMS 0x000000008ac00000, 0x000000008ac00000| Complete 
|  97|0x000000008ad00000, 0x000000008ae00000, 0x000000008ae00000|100%| E|CS|TAMS 0x000000008ad00000, 0x000000008ad00000| Complete 
|  98|0x000000008ae00000, 0x000000008af00000, 0x000000008af00000|100%| E|CS|TAMS 0x000000008ae00000, 0x000000008ae00000| Complete 
|  99|0x000000008af00000, 0x000000008b000000, 0x000000008b000000|100%| E|  |TAMS 0x000000008af00000, 0x000000008af00000| Complete 
| 100|0x000000008b000000, 0x000000008b02b3f8, 0x000000008b100000| 16%| S|CS|TAMS 0x000000008b000000, 0x000000008b000000| Complete 
| 101|0x000000008b100000, 0x000000008b200000, 0x000000008b200000|100%| S|CS|TAMS 0x000000008b100000, 0x000000008b100000| Complete 
| 102|0x000000008b200000, 0x000000008b300000, 0x000000008b300000|100%| E|CS|TAMS 0x000000008b200000, 0x000000008b200000| Complete 
| 103|0x000000008b300000, 0x000000008b400000, 0x000000008b400000|100%| E|CS|TAMS 0x000000008b300000, 0x000000008b300000| Complete 
| 104|0x000000008b400000, 0x000000008b500000, 0x000000008b500000|100%| E|CS|TAMS 0x000000008b400000, 0x000000008b400000| Complete 
| 105|0x000000008b500000, 0x000000008b600000, 0x000000008b600000|100%| E|CS|TAMS 0x000000008b500000, 0x000000008b500000| Complete 
| 106|0x000000008b600000, 0x000000008b700000, 0x000000008b700000|100%| E|CS|TAMS 0x000000008b600000, 0x000000008b600000| Complete 
| 107|0x000000008b700000, 0x000000008b800000, 0x000000008b800000|100%| E|CS|TAMS 0x000000008b700000, 0x000000008b700000| Complete 
| 108|0x000000008b800000, 0x000000008b900000, 0x000000008b900000|100%| E|CS|TAMS 0x000000008b800000, 0x000000008b800000| Complete 
| 109|0x000000008b900000, 0x000000008ba00000, 0x000000008ba00000|100%| E|CS|TAMS 0x000000008b900000, 0x000000008b900000| Complete 
| 110|0x000000008ba00000, 0x000000008bb00000, 0x000000008bb00000|100%| E|CS|TAMS 0x000000008ba00000, 0x000000008ba00000| Complete 
| 111|0x000000008bb00000, 0x000000008bc00000, 0x000000008bc00000|100%| E|CS|TAMS 0x000000008bb00000, 0x000000008bb00000| Complete 
| 112|0x000000008bc00000, 0x000000008bd00000, 0x000000008bd00000|100%| E|CS|TAMS 0x000000008bc00000, 0x000000008bc00000| Complete 
| 113|0x000000008bd00000, 0x000000008be00000, 0x000000008be00000|100%| E|CS|TAMS 0x000000008bd00000, 0x000000008bd00000| Complete 
| 114|0x000000008be00000, 0x000000008bf00000, 0x000000008bf00000|100%| E|CS|TAMS 0x000000008be00000, 0x000000008be00000| Complete 
| 115|0x000000008bf00000, 0x000000008c000000, 0x000000008c000000|100%| E|CS|TAMS 0x000000008bf00000, 0x000000008bf00000| Complete 
| 116|0x000000008c000000, 0x000000008c100000, 0x000000008c100000|100%| E|CS|TAMS 0x000000008c000000, 0x000000008c000000| Complete 
| 117|0x000000008c100000, 0x000000008c200000, 0x000000008c200000|100%| E|CS|TAMS 0x000000008c100000, 0x000000008c100000| Complete 
| 118|0x000000008c200000, 0x000000008c300000, 0x000000008c300000|100%| E|CS|TAMS 0x000000008c200000, 0x000000008c200000| Complete 
| 119|0x000000008c300000, 0x000000008c400000, 0x000000008c400000|100%| E|CS|TAMS 0x000000008c300000, 0x000000008c300000| Complete 
| 120|0x000000008c400000, 0x000000008c500000, 0x000000008c500000|100%| E|CS|TAMS 0x000000008c400000, 0x000000008c400000| Complete 
| 121|0x000000008c500000, 0x000000008c600000, 0x000000008c600000|100%| E|CS|TAMS 0x000000008c500000, 0x000000008c500000| Complete 
| 122|0x000000008c600000, 0x000000008c700000, 0x000000008c700000|100%| E|CS|TAMS 0x000000008c600000, 0x000000008c600000| Complete 
| 123|0x000000008c700000, 0x000000008c800000, 0x000000008c800000|100%| E|CS|TAMS 0x000000008c700000, 0x000000008c700000| Complete 

Card table byte_map: [0x000001157eb20000,0x000001157ef00000] _byte_map_base: 0x000001157e6fa000

Marking Bits (Prev, Next): (CMBitMap*) 0x000001157e6d2600, (CMBitMap*) 0x000001157e6d2640
 Prev Bits: [0x000001150a720000, 0x000001150c5f0000)
 Next Bits: [0x000001150c5f0000, 0x000001150e4c0000)

Polling page: 0x000001157c680000

Metaspace:

Usage:
  Non-class:      8.04 MB used.
      Class:      1.20 MB used.
       Both:      9.24 MB used.

Virtual space:
  Non-class space:       16.00 MB reserved,       8.19 MB ( 51%) committed,  2 nodes.
      Class space:        1.00 GB reserved,       1.25 MB ( <1%) committed,  1 nodes.
             Both:        1.02 GB reserved,       9.44 MB ( <1%) committed. 

Chunk freelists:
   Non-Class:  3.72 MB
       Class:  2.75 MB
        Both:  6.47 MB

MaxMetaspaceSize: unlimited
CompressedClassSpaceSize: 1.00 GB
Initial GC threshold: 21.00 MB
Current GC threshold: 21.00 MB
CDS: on
MetaspaceReclaimPolicy: balanced
 - commit_granule_bytes: 65536.
 - commit_granule_words: 8192.
 - virtual_space_node_default_size: 1048576.
 - enlarge_chunks_in_place: 1.
 - new_chunks_are_fully_committed: 0.
 - uncommit_free_chunks: 1.
 - use_allocation_guard: 0.
 - handle_deallocations: 1.


Internal statistics:

num_allocs_failed_limit: 0.
num_arena_births: 190.
num_arena_deaths: 0.
num_vsnodes_births: 3.
num_vsnodes_deaths: 0.
num_space_committed: 151.
num_space_uncommitted: 0.
num_chunks_returned_to_freelist: 0.
num_chunks_taken_from_freelist: 387.
num_chunk_merges: 0.
num_chunk_splits: 241.
num_chunks_enlarged: 157.
num_purges: 0.
num_inconsistent_stats: 0.

CodeCache: size=49152Kb used=4827Kb max_used=4827Kb free=44325Kb
 bounds [0x0000011507720000, 0x0000011507be0000, 0x000001150a720000]
 total_blobs=2169 nmethods=1705 adapters=389
 compilation: enabled
              stopped_count=0, restarted_count=0
 full_count=0

Compilation events (20 events):
Event: 2.277 Thread 0x00000115111427a0 1695       1       java.util.stream.StreamOpFlag::fromCharacteristics (37 bytes)
Event: 2.277 Thread 0x00000115111427a0 nmethod 1695 0x0000011507bd1590 code [0x0000011507bd1740, 0x0000011507bd1898]
Event: 2.277 Thread 0x00000115111427a0 1696       1       java.util.stream.AbstractPipeline::<init> (55 bytes)
Event: 2.277 Thread 0x00000115111427a0 nmethod 1696 0x0000011507bd3090 code [0x0000011507bd3220, 0x0000011507bd33f8]
Event: 2.277 Thread 0x000001157f680b50 nmethod 1691 0x0000011507bd1990 code [0x0000011507bd1c20, 0x0000011507bd2a58]
Event: 2.277 Thread 0x000001157f680b50 1697       1       java.lang.StringLatin1$CharsSpliterator::characteristics (5 bytes)
Event: 2.277 Thread 0x00000115111427a0 1699       1       org.springframework.util.Assert::state (14 bytes)
Event: 2.277 Thread 0x000001151113e0a0 nmethod 1694 0x0000011507bd3490 code [0x0000011507bd36a0, 0x0000011507bd3ad8]
Event: 2.277 Thread 0x000001157f680b50 nmethod 1697 0x0000011507bd3d10 code [0x0000011507bd3ea0, 0x0000011507bd3f78]
Event: 2.277 Thread 0x000001151113e0a0 1698       1       java.util.stream.MatchOps$BooleanTerminalSink::cancellationRequested (5 bytes)
Event: 2.278 Thread 0x00000115111427a0 nmethod 1699 0x0000011507bd4010 code [0x0000011507bd41a0, 0x0000011507bd42e8]
Event: 2.278 Thread 0x000001151113e0a0 nmethod 1698 0x0000011507bd4390 code [0x0000011507bd4520, 0x0000011507bd45f8]
Event: 2.283 Thread 0x000001157f680b50 1700       1       java.lang.invoke.MethodHandleImpl$IntrinsicMethodHandle::getTarget (5 bytes)
Event: 2.283 Thread 0x000001157f680b50 nmethod 1700 0x0000011507bd4690 code [0x0000011507bd4820, 0x0000011507bd48f8]
Event: 2.284 Thread 0x000001157f680b50 1701       1       java.lang.invoke.LambdaForm::normalize (322 bytes)
Event: 2.285 Thread 0x000001157f680b50 nmethod 1701 0x0000011507bd4c90 code [0x0000011507bd4ec0, 0x0000011507bd5718]
Event: 2.291 Thread 0x000001157f680b50 1703       1       java.lang.Module::allows (60 bytes)
Event: 2.291 Thread 0x000001157f680b50 nmethod 1703 0x0000011507bd5c10 code [0x0000011507bd5de0, 0x0000011507bd6048]
Event: 2.292 Thread 0x000001151113e0a0 1705       1       sun.invoke.util.BytecodeDescriptor::unparseMethod (66 bytes)
Event: 2.292 Thread 0x000001151113e0a0 nmethod 1705 0x0000011507bd6410 code [0x0000011507bd6600, 0x0000011507bd69a8]

GC Heap History (6 events):
Event: 0.576 GC heap before
{Heap before GC invocations=0 (full 0):
 garbage-first heap   total 126976K, used 14336K [0x0000000084c00000, 0x0000000100000000)
  region size 1024K, 13 young (13312K), 0 survivors (0K)
 Metaspace       used 288K, committed 512K, reserved 1056768K
  class space    used 17K, committed 128K, reserved 1048576K
}
Event: 0.581 GC heap after
{Heap after GC invocations=1 (full 0):
 garbage-first heap   total 126976K, used 6618K [0x0000000084c00000, 0x0000000100000000)
  region size 1024K, 2 young (2048K), 2 survivors (2048K)
 Metaspace       used 288K, committed 512K, reserved 1056768K
  class space    used 17K, committed 128K, reserved 1048576K
}
Event: 1.390 GC heap before
{Heap before GC invocations=1 (full 0):
 garbage-first heap   total 126976K, used 18906K [0x0000000084c00000, 0x0000000100000000)
  region size 1024K, 15 young (15360K), 2 survivors (2048K)
 Metaspace       used 5566K, committed 5760K, reserved 1056768K
  class space    used 677K, committed 768K, reserved 1048576K
}
Event: 1.400 GC heap after
{Heap after GC invocations=2 (full 0):
 garbage-first heap   total 126976K, used 11210K [0x0000000084c00000, 0x0000000100000000)
  region size 1024K, 2 young (2048K), 2 survivors (2048K)
 Metaspace       used 5566K, committed 5760K, reserved 1056768K
  class space    used 677K, committed 768K, reserved 1048576K
}
Event: 1.739 GC heap before
{Heap before GC invocations=2 (full 0):
 garbage-first heap   total 126976K, used 30666K [0x0000000084c00000, 0x0000000100000000)
  region size 1024K, 22 young (22528K), 2 survivors (2048K)
 Metaspace       used 7702K, committed 7936K, reserved 1056768K
  class space    used 971K, committed 1088K, reserved 1048576K
}
Event: 1.744 GC heap after
{Heap after GC invocations=3 (full 0):
 garbage-first heap   total 126976K, used 12633K [0x0000000084c00000, 0x0000000100000000)
  region size 1024K, 2 young (2048K), 2 survivors (2048K)
 Metaspace       used 7702K, committed 7936K, reserved 1056768K
  class space    used 971K, committed 1088K, reserved 1048576K
}

Deoptimization events (2 events):
Event: 1.505 Thread 0x000001157e692510 DEOPT PACKING pc=0x0000011507a206f5 sp=0x000000134cdfd980
Event: 1.505 Thread 0x000001157e692510 DEOPT UNPACKING pc=0x0000011507776763 sp=0x000000134cdfcdd8 mode 3

Classes unloaded (0 events):
No events

Classes redefined (0 events):
No events

Internal exceptions (20 events):
Event: 1.103 Thread 0x000001157e692510 Exception <a 'java/lang/NoSuchMethodError'{0x000000008c00d8f8}: 'java.lang.Object java.lang.invoke.DirectMethodHandle$Holder.invokeStaticInit(java.lang.Object, java.lang.Object, int, int, int, int)'> (0x000000008c00d8f8) 
thrown [t:\workspace\open\src\hotspot\share\interpreter\linkResolver.cpp, line 766]
Event: 1.126 Thread 0x000001157e692510 Exception <a 'java/lang/ClassNotFoundException'{0x000000008c02bb88}: javax/management/remote/rmi/RMIServerImpl_Skel> (0x000000008c02bb88) 
thrown [t:\workspace\open\src\hotspot\share\classfile\systemDictionary.cpp, line 256]
Event: 1.268 Thread 0x000001157e692510 Exception <a 'java/lang/ClassNotFoundException'{0x000000008be54f88}: javax/smartcardio/CardPermission> (0x000000008be54f88) 
thrown [t:\workspace\open\src\hotspot\share\classfile\systemDictionary.cpp, line 256]
Event: 1.272 Thread 0x000001157e692510 Exception <a 'java/io/FileNotFoundException'{0x000000008be63110}> (0x000000008be63110) 
thrown [t:\workspace\open\src\hotspot\share\prims\jni.cpp, line 516]
Event: 1.436 Thread 0x000001157e692510 Exception <a 'java/lang/NoSuchMethodError'{0x000000008c60d738}: 'java.lang.Object java.lang.invoke.DirectMethodHandle$Holder.invokeSpecialIFC(java.lang.Object, java.lang.Object, java.lang.Object, java.lang.Object)'> (0x000000008c60d738) 
thrown [t:\workspace\open\src\hotspot\share\interpreter\linkResolver.cpp, line 766]
Event: 1.462 Thread 0x000001157e692510 Exception <a 'java/lang/NoSuchMethodError'{0x000000008c512a88}: 'int java.lang.invoke.DirectMethodHandle$Holder.invokeStaticInit(java.lang.Object, java.lang.Object)'> (0x000000008c512a88) 
thrown [t:\workspace\open\src\hotspot\share\interpreter\linkResolver.cpp, line 766]
Event: 1.584 Thread 0x00000115116a2330 Exception <a 'java/lang/NoSuchMethodError'{0x000000008c27f778}: static [B.<clinit>()V> (0x000000008c27f778) 
thrown [t:\workspace\open\src\hotspot\share\prims\jni.cpp, line 1107]
Event: 1.596 Thread 0x000001157e692510 Exception <a 'java/lang/NoSuchMethodError'{0x000000008c2bf770}: 'int java.lang.invoke.DirectMethodHandle$Holder.invokeStaticInit(java.lang.Object, java.lang.Object, java.lang.Object)'> (0x000000008c2bf770) 
thrown [t:\workspace\open\src\hotspot\share\interpreter\linkResolver.cpp, line 766]
Event: 1.604 Thread 0x00000115116a2330 Exception <a 'java/lang/ClassNotFoundException'{0x000000008c11f658}: javax/management/remote/rmi/RMIConnectionImpl_Skel> (0x000000008c11f658) 
thrown [t:\workspace\open\src\hotspot\share\classfile\systemDictionary.cpp, line 256]
Event: 1.609 Thread 0x0000011512095da0 Exception <a 'java/lang/NoSuchMethodError'{0x000000008c1d03d8}: 'java.lang.Object java.lang.invoke.Invokers$Holder.linkToTargetMethod(java.lang.Object, long, java.lang.Object)'> (0x000000008c1d03d8) 
thrown [t:\workspace\open\src\hotspot\share\interpreter\linkResolver.cpp, line 766]
Event: 1.611 Thread 0x000001157e692510 Exception <a 'java/lang/NoSuchMethodError'{0x000000008c186df8}: 'java.lang.Object java.lang.invoke.DirectMethodHandle$Holder.newInvokeSpecial(java.lang.Object, java.lang.Object, java.lang.Object, java.lang.Object, java.lang.Object)'> (0x000000008c186df8) 
thrown [t:\workspace\open\src\hotspot\share\interpreter\linkResolver.cpp, line 766]
Event: 1.620 Thread 0x00000115116a2330 Exception <a 'java/lang/reflect/InvocationTargetException'{0x000000008c1ef808}> (0x000000008c1ef808) 
thrown [t:\workspace\open\src\hotspot\share\runtime\reflection.cpp, line 1121]
Event: 1.625 Thread 0x00000115116a2330 Exception <a 'java/lang/NoSuchMethodError'{0x000000008c081e60}: static [Ljava/lang/StackTraceElement;.<clinit>()V> (0x000000008c081e60) 
thrown [t:\workspace\open\src\hotspot\share\prims\jni.cpp, line 1107]
Event: 1.857 Thread 0x0000011512096660 Exception <a 'java/lang/NoSuchMethodError'{0x00000000899a6d60}: 'org.slf4j.impl.StaticMDCBinder org.slf4j.impl.StaticMDCBinder.getSingleton()'> (0x00000000899a6d60) 
thrown [t:\workspace\open\src\hotspot\share\interpreter\linkResolver.cpp, line 766]
Event: 1.964 Thread 0x0000011512115ff0 Exception <a 'sun/nio/fs/WindowsException'{0x00000000897f5930}> (0x00000000897f5930) 
thrown [t:\workspace\open\src\hotspot\share\prims\jni.cpp, line 516]
Event: 2.247 Thread 0x0000011512115ff0 Exception <a 'java/lang/NoSuchMethodError'{0x0000000089230710}: 'void java.lang.invoke.DirectMethodHandle$Holder.invokeStatic(java.lang.Object, java.lang.Object, java.lang.Object, java.lang.Object)'> (0x0000000089230710) 
thrown [t:\workspace\open\src\hotspot\share\interpreter\linkResolver.cpp, line 766]
Event: 2.284 Thread 0x0000011512115ff0 Exception <a 'java/lang/NoSuchMethodError'{0x0000000089116670}: 'int java.lang.invoke.DirectMethodHandle$Holder.invokeStatic(java.lang.Object, java.lang.Object, java.lang.Object, java.lang.Object)'> (0x0000000089116670) 
thrown [t:\workspace\open\src\hotspot\share\interpreter\linkResolver.cpp, line 766]
Event: 2.284 Thread 0x0000011512115ff0 Exception <a 'java/lang/NoSuchMethodError'{0x0000000089119ff0}: 'java.lang.Object java.lang.invoke.Invokers$Holder.invokeExact_MT(java.lang.Object, java.lang.Object, java.lang.Object, java.lang.Object, java.lang.Object, java.lang.Object)'> (0x0000000089119ff0) 
thrown [t:\workspace\open\src\hotspot\share\interpreter\linkResolver.cpp, line 766]
Event: 2.289 Thread 0x0000011512115ff0 Exception <a 'java/lang/NoSuchMethodError'{0x00000000891258a8}: 'void java.lang.invoke.DirectMethodHandle$Holder.invokeStaticInit(java.lang.Object, java.lang.Object, java.lang.Object, java.lang.Object)'> (0x00000000891258a8) 
thrown [t:\workspace\open\src\hotspot\share\interpreter\linkResolver.cpp, line 766]
Event: 2.292 Thread 0x0000011512115ff0 Exception <a 'java/lang/NoSuchMethodError'{0x000000008913a1b0}: 'java.lang.Object java.lang.invoke.DirectMethodHandle$Holder.invokeInterface(java.lang.Object, java.lang.Object, java.lang.Object)'> (0x000000008913a1b0) 
thrown [t:\workspace\open\src\hotspot\share\interpreter\linkResolver.cpp, line 766]

VM Operations (20 events):
Event: 0.742 Executing VM operation: HandshakeAllThreads
Event: 0.742 Executing VM operation: HandshakeAllThreads done
Event: 0.744 Executing VM operation: HandshakeAllThreads
Event: 0.744 Executing VM operation: HandshakeAllThreads done
Event: 0.931 Executing VM operation: HandshakeAllThreads
Event: 0.931 Executing VM operation: HandshakeAllThreads done
Event: 1.161 Executing VM operation: HandshakeAllThreads
Event: 1.161 Executing VM operation: HandshakeAllThreads done
Event: 1.390 Executing VM operation: G1CollectForAllocation
Event: 1.400 Executing VM operation: G1CollectForAllocation done
Event: 1.414 Executing VM operation: HandshakeAllThreads
Event: 1.414 Executing VM operation: HandshakeAllThreads done
Event: 1.601 Executing VM operation: HandshakeAllThreads
Event: 1.601 Executing VM operation: HandshakeAllThreads done
Event: 1.739 Executing VM operation: G1CollectForAllocation
Event: 1.744 Executing VM operation: G1CollectForAllocation done
Event: 1.967 Executing VM operation: HandshakeAllThreads
Event: 1.967 Executing VM operation: HandshakeAllThreads done
Event: 2.203 Executing VM operation: HandshakeAllThreads
Event: 2.203 Executing VM operation: HandshakeAllThreads done

Events (20 events):
Event: 2.263 loading class java/util/ConcurrentModificationException
Event: 2.263 loading class java/util/ConcurrentModificationException done
Event: 2.272 loading class java/lang/ProcessEnvironment$CheckedKeySet
Event: 2.272 loading class java/lang/ProcessEnvironment$CheckedKeySet done
Event: 2.273 loading class java/util/stream/MatchOps$MatchKind
Event: 2.273 loading class java/util/stream/MatchOps$MatchKind done
Event: 2.273 loading class java/util/stream/MatchOps
Event: 2.274 loading class java/util/stream/MatchOps done
Event: 2.274 loading class java/util/stream/MatchOps$MatchOp
Event: 2.274 loading class java/util/stream/MatchOps$MatchOp done
Event: 2.274 loading class java/util/stream/MatchOps$BooleanTerminalSink
Event: 2.274 loading class java/util/stream/MatchOps$BooleanTerminalSink done
Event: 2.275 loading class java/util/stream/MatchOps$2MatchSink
Event: 2.275 loading class java/util/stream/MatchOps$2MatchSink done
Event: 2.286 loading class java/util/Collections$ReverseComparator
Event: 2.287 loading class java/util/Collections$ReverseComparator done
Event: 2.287 loading class java/util/Comparators$NaturalOrderComparator
Event: 2.287 loading class java/util/Comparators$NaturalOrderComparator done
Event: 2.287 loading class java/util/Collections$ReverseComparator2
Event: 2.288 loading class java/util/Collections$ReverseComparator2 done


Dynamic libraries:
0x00007ff6659f0000 - 0x00007ff6659fe000 	C:\Users\alexi\.jdks\openjdk-17\bin\java.exe
0x00007ffde1390000 - 0x00007ffde15a4000 	C:\WINDOWS\SYSTEM32\ntdll.dll
0x00007ffd94e50000 - 0x00007ffd94e69000 	C:\Program Files\Avast Software\Avast\aswhook.dll
0x00007ffde0b70000 - 0x00007ffde0c33000 	C:\WINDOWS\System32\KERNEL32.DLL
0x00007ffdde9b0000 - 0x00007ffdded4c000 	C:\WINDOWS\System32\KERNELBASE.dll
0x00007ffdde7d0000 - 0x00007ffdde8e1000 	C:\WINDOWS\System32\ucrtbase.dll
0x00007ffd85910000 - 0x00007ffd85928000 	C:\Users\alexi\.jdks\openjdk-17\bin\jli.dll
0x00007ffde11a0000 - 0x00007ffde134d000 	C:\WINDOWS\System32\USER32.dll
0x00007ffddf170000 - 0x00007ffddf196000 	C:\WINDOWS\System32\win32u.dll
0x00007ffde1070000 - 0x00007ffde1099000 	C:\WINDOWS\System32\GDI32.dll
0x00007ffddeec0000 - 0x00007ffddefd3000 	C:\WINDOWS\System32\gdi32full.dll
0x00007ffddf050000 - 0x00007ffddf0ea000 	C:\WINDOWS\System32\msvcp_win.dll
0x00007ffd85760000 - 0x00007ffd8577a000 	C:\Users\alexi\.jdks\openjdk-17\bin\VCRUNTIME140.dll
0x00007ffdbbbb0000 - 0x00007ffdbbe3e000 	C:\WINDOWS\WinSxS\amd64_microsoft.windows.common-controls_6595b64144ccf1df_6.0.22621.608_none_a9444ca7c10bb01d\COMCTL32.dll
0x00007ffddf1a0000 - 0x00007ffddf247000 	C:\WINDOWS\System32\msvcrt.dll
0x00007ffde0fa0000 - 0x00007ffde0fd1000 	C:\WINDOWS\System32\IMM32.DLL
0x00007ffd85830000 - 0x00007ffd8583c000 	C:\Users\alexi\.jdks\openjdk-17\bin\vcruntime140_1.dll
0x00007ffd857a0000 - 0x00007ffd8582d000 	C:\Users\alexi\.jdks\openjdk-17\bin\msvcp140.dll
0x00007ffd3bd60000 - 0x00007ffd3c91e000 	C:\Users\alexi\.jdks\openjdk-17\bin\server\jvm.dll
0x00007ffde0ac0000 - 0x00007ffde0b6e000 	C:\WINDOWS\System32\ADVAPI32.dll
0x00007ffde0cc0000 - 0x00007ffde0d64000 	C:\WINDOWS\System32\sechost.dll
0x00007ffde06b0000 - 0x00007ffde07c5000 	C:\WINDOWS\System32\RPCRT4.dll
0x00007ffddf750000 - 0x00007ffddf758000 	C:\WINDOWS\System32\PSAPI.DLL
0x00007ffdc17f0000 - 0x00007ffdc17f9000 	C:\WINDOWS\SYSTEM32\WSOCK32.dll
0x00007ffde0990000 - 0x00007ffde0a01000 	C:\WINDOWS\System32\WS2_32.dll
0x00007ffdd7210000 - 0x00007ffdd7244000 	C:\WINDOWS\SYSTEM32\WINMM.dll
0x00007ffdd7200000 - 0x00007ffdd720a000 	C:\WINDOWS\SYSTEM32\VERSION.dll
0x00007ffddd7e0000 - 0x00007ffddd7f8000 	C:\WINDOWS\SYSTEM32\kernel.appcore.dll
0x00007ffd85840000 - 0x00007ffd8584a000 	C:\Users\alexi\.jdks\openjdk-17\bin\jimage.dll
0x00007ffddc0e0000 - 0x00007ffddc30e000 	C:\WINDOWS\SYSTEM32\DBGHELP.DLL
0x00007ffde0320000 - 0x00007ffde06a9000 	C:\WINDOWS\System32\combase.dll
0x00007ffde0ea0000 - 0x00007ffde0f77000 	C:\WINDOWS\System32\OLEAUT32.dll
0x00007ffdc6510000 - 0x00007ffdc6542000 	C:\WINDOWS\SYSTEM32\dbgcore.DLL
0x00007ffddf0f0000 - 0x00007ffddf16b000 	C:\WINDOWS\System32\bcryptPrimitives.dll
0x00007ffdd98a0000 - 0x00007ffdd98ae000 	C:\Users\alexi\.jdks\openjdk-17\bin\instrument.dll
0x00007ffd85710000 - 0x00007ffd85735000 	C:\Users\alexi\.jdks\openjdk-17\bin\java.dll
0x00007ffd85630000 - 0x00007ffd85706000 	C:\Users\alexi\.jdks\openjdk-17\bin\svml.dll
0x00007ffddf7b0000 - 0x00007ffddffa0000 	C:\WINDOWS\System32\SHELL32.dll
0x00007ffddc790000 - 0x00007ffddd05e000 	C:\WINDOWS\SYSTEM32\windows.storage.dll
0x00007ffddc650000 - 0x00007ffddc78e000 	C:\WINDOWS\SYSTEM32\wintypes.dll
0x00007ffde10a0000 - 0x00007ffde1191000 	C:\WINDOWS\System32\SHCORE.dll
0x00007ffddf6f0000 - 0x00007ffddf74e000 	C:\WINDOWS\System32\shlwapi.dll
0x00007ffdde700000 - 0x00007ffdde721000 	C:\WINDOWS\SYSTEM32\profapi.dll
0x00007ffd855f0000 - 0x00007ffd85608000 	C:\Users\alexi\.jdks\openjdk-17\bin\zip.dll
0x00007ffd85780000 - 0x00007ffd85799000 	C:\Users\alexi\.jdks\openjdk-17\bin\net.dll
0x00007ffdd5e40000 - 0x00007ffdd5f6f000 	C:\WINDOWS\SYSTEM32\WINHTTP.dll
0x00007ffdddc50000 - 0x00007ffdddcb9000 	C:\WINDOWS\system32\mswsock.dll
0x00007ffd85610000 - 0x00007ffd85625000 	C:\Users\alexi\.jdks\openjdk-17\bin\nio.dll
0x00007ffdbc010000 - 0x00007ffdbc02a000 	C:\Program Files\JetBrains\IntelliJ IDEA 2022.3.2\bin\breakgen64.dll
0x00007ffddd370000 - 0x00007ffddd463000 	C:\WINDOWS\SYSTEM32\DNSAPI.dll
0x00007ffddd2b0000 - 0x00007ffddd2dd000 	C:\WINDOWS\SYSTEM32\IPHLPAPI.DLL
0x00007ffde07e0000 - 0x00007ffde07e9000 	C:\WINDOWS\System32\NSI.dll
0x00007ffdc2e70000 - 0x00007ffdc2e7a000 	C:\Windows\System32\rasadhlp.dll
0x00007ffdcd800000 - 0x00007ffdcd883000 	C:\WINDOWS\System32\fwpuclnt.dll
0x00007ffdbdab0000 - 0x00007ffdbdab9000 	C:\Users\alexi\.jdks\openjdk-17\bin\management.dll
0x00007ffdbc2e0000 - 0x00007ffdbc2eb000 	C:\Users\alexi\.jdks\openjdk-17\bin\management_ext.dll
0x00007ffddde70000 - 0x00007ffddde8b000 	C:\WINDOWS\SYSTEM32\CRYPTSP.dll
0x00007ffddd750000 - 0x00007ffddd785000 	C:\WINDOWS\system32\rsaenh.dll
0x00007ffdddd10000 - 0x00007ffdddd38000 	C:\WINDOWS\SYSTEM32\USERENV.dll
0x00007ffdde0b0000 - 0x00007ffdde0d8000 	C:\WINDOWS\SYSTEM32\bcrypt.dll
0x00007ffddde90000 - 0x00007ffddde9c000 	C:\WINDOWS\SYSTEM32\CRYPTBASE.dll
0x00007ffdd5e20000 - 0x00007ffdd5e39000 	C:\WINDOWS\SYSTEM32\dhcpcsvc6.DLL
0x00007ffdd5e00000 - 0x00007ffdd5e1f000 	C:\WINDOWS\SYSTEM32\dhcpcsvc.DLL
0x00007ffdb9a00000 - 0x00007ffdb9a17000 	C:\WINDOWS\system32\napinsp.dll
0x00007ffdb93a0000 - 0x00007ffdb93bb000 	C:\WINDOWS\system32\pnrpnsp.dll
0x00007ffdaeef0000 - 0x00007ffdaef01000 	C:\WINDOWS\System32\winrnr.dll
0x00007ffdaeed0000 - 0x00007ffdaeee5000 	C:\WINDOWS\system32\wshbth.dll
0x00007ffdaeea0000 - 0x00007ffdaeec1000 	C:\WINDOWS\system32\nlansp_c.dll
0x00007ffd85280000 - 0x00007ffd85290000 	C:\Users\alexi\.jdks\openjdk-17\bin\verify.dll

dbghelp: loaded successfully - version: 4.0.5 - missing functions: none
symbol engine: initialized successfully - sym options: 0x614 - pdb path: .;C:\Users\alexi\.jdks\openjdk-17\bin;C:\WINDOWS\SYSTEM32;C:\Program Files\Avast Software\Avast;C:\WINDOWS\WinSxS\amd64_microsoft.windows.common-controls_6595b64144ccf1df_6.0.22621.608_none_a9444ca7c10bb01d;C:\Users\alexi\.jdks\openjdk-17\bin\server;C:\Program Files\JetBrains\IntelliJ IDEA 2022.3.2\bin

VM Arguments:
jvm_args: -XX:TieredStopAtLevel=1 -Dspring.output.ansi.enabled=always -Dcom.sun.management.jmxremote -Dspring.jmx.enabled=true -Dspring.liveBeansView.mbeanDomain -Dspring.application.admin.enabled=true -Dmanagement.endpoints.jmx.exposure.include=* -javaagent:C:\Program Files\JetBrains\IntelliJ IDEA 2022.3.2\lib\idea_rt.jar=51436:C:\Program Files\JetBrains\IntelliJ IDEA 2022.3.2\bin -Dfile.encoding=UTF-8 
java_command: com.dh.catalogservice.CatalogServiceApplication
java_class_path (initial): C:\Users\alexi\OneDrive\Escritorio\Parcial especializacion final\ParcialFinal2\ParcialFinalBack2\catalog-service\target\classes;C:\Users\alexi\.m2\repository\org\springframework\boot\spring-boot-starter-actuator\2.7.5\spring-boot-starter-actuator-2.7.5.jar;C:\Users\alexi\.m2\repository\org\springframework\boot\spring-boot-starter\2.7.5\spring-boot-starter-2.7.5.jar;C:\Users\alexi\.m2\repository\org\springframework\boot\spring-boot-starter-logging\2.7.5\spring-boot-starter-logging-2.7.5.jar;C:\Users\alexi\.m2\repository\ch\qos\logback\logback-classic\1.2.11\logback-classic-1.2.11.jar;C:\Users\alexi\.m2\repository\ch\qos\logback\logback-core\1.2.11\logback-core-1.2.11.jar;C:\Users\alexi\.m2\repository\org\apache\logging\log4j\log4j-to-slf4j\2.17.2\log4j-to-slf4j-2.17.2.jar;C:\Users\alexi\.m2\repository\org\apache\logging\log4j\log4j-api\2.17.2\log4j-api-2.17.2.jar;C:\Users\alexi\.m2\repository\org\slf4j\jul-to-slf4j\1.7.36\jul-to-slf4j-1.7.36.jar;C:\Users\alexi\.m2\repository\jakarta\annotation\jakarta.annotation-api\1.3.5\jakarta.annotation-api-1.3.5.jar;C:\Users\alexi\.m2\repository\org\yaml\snakeyaml\1.30\snakeyaml-1.30.jar;C:\Users\alexi\.m2\repository\org\springframework\boot\spring-boot-actuator-autoconfigure\2.7.5\spring-boot-actuator-autoconfigure-2.7.5.jar;C:\Users\alexi\.m2\repository\org\springframework\boot\spring-boot-actuator\2.7.5\spring-boot-actuator-2.7.5.jar;C:\Users\alexi\.m2\repository\com\fasterxml\jackson\datatype\jackson-datatype-jsr310\2.13.4\jackson-datatype-jsr310-2.13.4.jar;C:\Users\alexi\.m2\repository\io\micrometer\micrometer-core\1.9.5\micrometer-core-1.9.5.jar;C:\Users\alexi\.m2\repository\org\hdrhistogram\HdrHistogram\2.1.12\HdrHistogram-2.1.12.jar;C:\Users\alexi\.m2\repository\org\latencyutils\LatencyUtils\2.0.3\LatencyUtils-2.0.3.jar;C:\Users\alexi\.m2\repository\org\springframework\boot\spring-boot-starter-data-mongodb\2.7.5\spring-boot-starter-data-mongodb-2.7.5.jar;C:\Users\alexi\.m2\repository\org\mong
Launcher Type: SUN_STANDARD

[Global flags]
     intx CICompilerCount                          = 3                                         {product} {ergonomic}
     uint ConcGCThreads                            = 1                                         {product} {ergonomic}
     uint G1ConcRefinementThreads                  = 4                                         {product} {ergonomic}
   size_t G1HeapRegionSize                         = 1048576                                   {product} {ergonomic}
    uintx GCDrainStackTargetSize                   = 64                                        {product} {ergonomic}
   size_t InitialHeapSize                          = 130023424                                 {product} {ergonomic}
     bool ManagementServer                         = true                                      {product} {command line}
   size_t MarkStackSize                            = 4194304                                   {product} {ergonomic}
   size_t MaxHeapSize                              = 2067791872                                {product} {ergonomic}
   size_t MaxNewSize                               = 1240465408                                {product} {ergonomic}
   size_t MinHeapDeltaBytes                        = 1048576                                   {product} {ergonomic}
   size_t MinHeapSize                              = 8388608                                   {product} {ergonomic}
    uintx NonProfiledCodeHeapSize                  = 0                                      {pd product} {ergonomic}
     bool ProfileInterpreter                       = false                                  {pd product} {command line}
    uintx ProfiledCodeHeapSize                     = 0                                      {pd product} {ergonomic}
   size_t SoftMaxHeapSize                          = 2067791872                             {manageable} {ergonomic}
     intx TieredStopAtLevel                        = 1                                         {product} {command line}
     bool UseCompressedClassPointers               = true                           {product lp64_product} {ergonomic}
     bool UseCompressedOops                        = true                           {product lp64_product} {ergonomic}
     bool UseG1GC                                  = true                                      {product} {ergonomic}
     bool UseLargePagesIndividualAllocation        = false                                  {pd product} {ergonomic}

Logging:
Log output configuration:
 #0: stdout all=warning uptime,level,tags
 #1: stderr all=off uptime,level,tags

Environment Variables:
JAVA_HOME=C:\Program Files\Java\jdk-17
PATH=C:\Program Files\Common Files\Oracle\Java\javapath;C:\Program Files (x86)\Common Files\Oracle\Java\javapath;C:\WINDOWS\system32;C:\WINDOWS;C:\WINDOWS\System32\Wbem;C:\WINDOWS\System32\WindowsPowerShell\v1.0\;C:\WINDOWS\System32\OpenSSH\;C:\Program Files\Microsoft SQL Server\130\Tools\Binn\;C:\Program Files\Java\jdk-16\bin;C:\Program Files\Git\cmd;C:\Program Files\Microsoft SQL Server\Client SDK\ODBC\170\Tools\Binn\;C:\Program Files (x86)\Microsoft SQL Server\150\Tools\Binn\;C:\Program Files\Microsoft SQL Server\150\Tools\Binn\;C:\Program Files\Microsoft SQL Server\150\DTS\Binn\;C:\Program Files\Azure Data Studio\bin;C:\Program Files\Java\jdk-15.0.2\bin;C:\Program Files\apache-maven-3.9.0\bin;C:\Program Files\Java\jdk-17\bin;C:\Program Files\nodejs\;C:\Program Files\Docker\Docker\resources\bin;C:\Users\alexi\AppData\Local\Microsoft\WindowsApps;;C:\Users\alexi\AppData\Local\Programs\Microsoft VS Code\bin;C:\Program Files\JetBrains\IntelliJ IDEA Community Edition 2021.2.3\bin;;C:\Program Files\Azure Data Studio\bin;C:\Program Files\JetBrains\IntelliJ IDEA 2022.3.2\bin;;C:\Users\alexi\AppData\Roaming\npm
USERNAME=Yair cs
OS=Windows_NT
PROCESSOR_IDENTIFIER=Intel64 Family 6 Model 126 Stepping 5, GenuineIntel



---------------  S Y S T E M  ---------------

OS:
 Windows 10 , 64 bit Build 22621 (10.0.22621.1344)
OS uptime: 0 days 5:11 hours
Hyper-V role detected

CPU: total 4 (initial active 4) (2 cores per cpu, 2 threads per core) family 6 model 126 stepping 5 microcode 0x96, cx8, cmov, fxsr, ht, mmx, 3dnowpref, sse, sse2, sse3, ssse3, sse4.1, sse4.2, popcnt, lzcnt, tsc, tscinvbit, avx, avx2, aes, erms, clmul, bmi1, bmi2, adx, avx512f, avx512dq, avx512cd, avx512bw, avx512vl, sha, fma, vzeroupper, avx512_vpopcntdq, avx512_vpclmulqdq, avx512_vaes, avx512_vnni, clflush, clflushopt, avx512_vbmi2, avx512_vbmi, hv

Memory: 4k page, system-wide physical 7881M (459M free)
TotalPageFile size 16073M (AvailPageFile size 1M)
current process WorkingSet (physical memory assigned to process): 120M, peak: 120M
current process commit charge ("private bytes"): 218M, peak: 218M

vm_info: OpenJDK 64-Bit Server VM (17+35-2724) for windows-amd64 JRE (17+35-2724), built on Aug  5 2021 23:26:02 by "mach5one" with MS VC++ 16.8 (VS2019)

END.
